[15/Jul/2018 16:41:37] [:] INFO - 

=====================
Starting OpenHospital
=====================
 (org.isf.menu.gui.Menu.createAndShowGUI(Menu.java:26))
[15/Jul/2018 16:41:38] [:] INFO - OpenHospital version 1.8.3 (org.isf.menu.gui.Menu.checkOHVersion(Menu.java:37))
[15/Jul/2018 16:41:38] [:] INFO - Java version 1.8.0_162 (org.isf.menu.gui.Menu.checkJavaVersion(Menu.java:43))
[15/Jul/2018 16:41:38] [:] INFO - float te kabaca (org.isf.menu.gui.Menu.checkJavaVersion(Menu.java:45))
[15/Jul/2018 16:41:43] [:] INFO - File generalData.properties loaded.  (org.isf.generaldata.GeneralData.<init>(GeneralData.java:98))
[15/Jul/2018 16:41:43] [:] INFO - Debug: OpenHospital in debug mode. (org.isf.menu.gui.MainMenu.<init>(MainMenu.java:108))
[15/Jul/2018 16:41:43] [:] INFO - Logging: Single User mode. (org.isf.menu.gui.MainMenu.<init>(MainMenu.java:124))
[15/Jul/2018 16:41:43] [admin:admin] DEBUG - Query select mn.*,GROUPMENU.GM_ACTIVE from USERGROUP inner join USER on US_UG_ID_A=UG_ID_A  inner join GROUPMENU on UG_ID_A=GM_UG_ID_A inner join MENUITEM as mn on  GM_MNI_ID_A=mn.MNI_ID_A where US_ID_A = ? order by MNI_POSITION (org.isf.utils.db.DbQueryLogger.getDataWithParams(DbQueryLogger.java:62))
[15/Jul/2018 16:41:45] [admin:admin] ERROR - No XMPP Server seems to be running: set XMPPMODULEENABLED = false (org.isf.menu.gui.MainMenu.<init>(MainMenu.java:166))
[15/Jul/2018 16:41:47] [admin:admin] DEBUG - Query SELECT PAT.*, ADM.* FROM PATIENT PAT LEFT JOIN (SELECT * FROM ADMISSION WHERE (ADM_DELETED=\'N\' or ADM_DELETED is null) AND ADM_IN = 1) ADM ON ADM.ADM_PAT_ID = PAT.PAT_ID WHERE (PAT.PAT_DELETED=\'N\' or PAT.PAT_DELETED is null)  ORDER BY PAT_ID DESC (org.isf.utils.db.DbQueryLogger.getDataWithParams(DbQueryLogger.java:62))
[15/Jul/2018 16:41:48] [admin:admin] DEBUG - Query SELECT * FROM WARD (org.isf.utils.db.DbQueryLogger.getDataWithParams(DbQueryLogger.java:62))
[15/Jul/2018 16:41:53] [admin:admin] DEBUG - Query SELECT MAX(PAT_ID) FROM PATIENT (org.isf.utils.db.DbQueryLogger.getData(DbQueryLogger.java:38))
[15/Jul/2018 16:41:57] [admin:admin] DEBUG - Query select * from DISEASETYPE order by DCL_DESC (org.isf.utils.db.DbQueryLogger.getData(DbQueryLogger.java:38))
[15/Jul/2018 16:41:58] [admin:admin] DEBUG - Query select * from DISEASE join DISEASETYPE on DIS_DCL_ID_A = DCL_ID_A where  (DIS_OPD_INCLUDE=1 or DIS_OPD_INCLUDE is null)  order BY DIS_DESC (org.isf.utils.db.DbQueryLogger.getDataWithParams(DbQueryLogger.java:62))
[15/Jul/2018 16:41:58] [admin:admin] DEBUG - Query SELECT * FROM OPD LEFT JOIN PATIENT ON OPD_PAT_ID = PAT_ID LEFT JOIN DISEASE ON OPD_DIS_ID_A = DIS_ID_A LEFT JOIN DISEASETYPE ON DIS_DCL_ID_A = DCL_ID_A WHERE 1 AND OPD_DATE_VIS BETWEEN ? AND ? ORDER BY OPD_DATE_VIS (org.isf.utils.db.DbQueryLogger.getDataWithParams(DbQueryLogger.java:62))
[15/Jul/2018 16:41:59] [admin:admin] DEBUG - Query select * from DISEASETYPE order by DCL_DESC (org.isf.utils.db.DbQueryLogger.getData(DbQueryLogger.java:38))
[15/Jul/2018 16:41:59] [admin:admin] DEBUG - Query select * from DISEASE join DISEASETYPE on DIS_DCL_ID_A = DCL_ID_A where  (DIS_OPD_INCLUDE=1 or DIS_OPD_INCLUDE is null)  order BY DIS_DESC (org.isf.utils.db.DbQueryLogger.getDataWithParams(DbQueryLogger.java:62))
[15/Jul/2018 16:41:59] [admin:admin] DEBUG - Query select * from DISEASE join DISEASETYPE on DIS_DCL_ID_A = DCL_ID_A order BY DIS_DESC (org.isf.utils.db.DbQueryLogger.getDataWithParams(DbQueryLogger.java:62))
[15/Jul/2018 16:42:00] [admin:admin] DEBUG - Query SELECT MAX(OPD_PROG_YEAR) FROM OPD WHERE YEAR(OPD_DATE_VIS) = ? (org.isf.utils.db.DbQueryLogger.getDataWithParams(DbQueryLogger.java:62))
[15/Jul/2018 16:56:38] [admin:admin] DEBUG - Query select * from DISEASETYPE order by DCL_DESC (org.isf.utils.db.DbQueryLogger.getData(DbQueryLogger.java:38))
[15/Jul/2018 16:56:38] [admin:admin] DEBUG - Query select * from DISEASE join DISEASETYPE on DIS_DCL_ID_A = DCL_ID_A where  (DIS_OPD_INCLUDE=1 or DIS_OPD_INCLUDE is null)  order BY DIS_DESC (org.isf.utils.db.DbQueryLogger.getDataWithParams(DbQueryLogger.java:62))
[15/Jul/2018 16:56:38] [admin:admin] DEBUG - Query select * from DISEASE join DISEASETYPE on DIS_DCL_ID_A = DCL_ID_A order BY DIS_DESC (org.isf.utils.db.DbQueryLogger.getDataWithParams(DbQueryLogger.java:62))
[15/Jul/2018 16:56:38] [admin:admin] DEBUG - Query SELECT MAX(OPD_PROG_YEAR) FROM OPD WHERE YEAR(OPD_DATE_VIS) = ? (org.isf.utils.db.DbQueryLogger.getDataWithParams(DbQueryLogger.java:62))
[15/Jul/2018 17:01:41] [admin:admin] DEBUG - Query select * from DISEASETYPE order by DCL_DESC (org.isf.utils.db.DbQueryLogger.getData(DbQueryLogger.java:38))
[15/Jul/2018 17:01:41] [admin:admin] DEBUG - Query select * from DISEASE join DISEASETYPE on DIS_DCL_ID_A = DCL_ID_A where  (DIS_OPD_INCLUDE=1 or DIS_OPD_INCLUDE is null)  order BY DIS_DESC (org.isf.utils.db.DbQueryLogger.getDataWithParams(DbQueryLogger.java:62))
[15/Jul/2018 17:01:41] [admin:admin] DEBUG - Query select * from DISEASE join DISEASETYPE on DIS_DCL_ID_A = DCL_ID_A order BY DIS_DESC (org.isf.utils.db.DbQueryLogger.getDataWithParams(DbQueryLogger.java:62))
[15/Jul/2018 17:01:41] [admin:admin] DEBUG - Query SELECT MAX(OPD_PROG_YEAR) FROM OPD WHERE YEAR(OPD_DATE_VIS) = ? (org.isf.utils.db.DbQueryLogger.getDataWithParams(DbQueryLogger.java:62))
[15/Jul/2018 17:06:52] [admin:admin] DEBUG - Query select * from DISEASETYPE order by DCL_DESC (org.isf.utils.db.DbQueryLogger.getData(DbQueryLogger.java:38))
[15/Jul/2018 17:06:52] [admin:admin] DEBUG - Query select * from DISEASE join DISEASETYPE on DIS_DCL_ID_A = DCL_ID_A where  (DIS_OPD_INCLUDE=1 or DIS_OPD_INCLUDE is null)  order BY DIS_DESC (org.isf.utils.db.DbQueryLogger.getDataWithParams(DbQueryLogger.java:62))
[15/Jul/2018 17:06:52] [admin:admin] DEBUG - Query select * from DISEASE join DISEASETYPE on DIS_DCL_ID_A = DCL_ID_A order BY DIS_DESC (org.isf.utils.db.DbQueryLogger.getDataWithParams(DbQueryLogger.java:62))
[15/Jul/2018 17:06:52] [admin:admin] DEBUG - Query SELECT MAX(OPD_PROG_YEAR) FROM OPD WHERE YEAR(OPD_DATE_VIS) = ? (org.isf.utils.db.DbQueryLogger.getDataWithParams(DbQueryLogger.java:62))
[15/Jul/2018 17:10:08] [admin:admin] DEBUG - Query SELECT MAX(PAT_ID) FROM PATIENT (org.isf.utils.db.DbQueryLogger.getData(DbQueryLogger.java:38))
[15/Jul/2018 17:10:12] [admin:admin] DEBUG - Query SELECT * FROM PATIENT LEFT JOIN (SELECT PEX_PAT_ID, PEX_HEIGHT AS PAT_HEIGHT, PEX_WEIGHT AS PAT_WEIGHT FROM PATIENTEXAMINATION GROUP BY PEX_PAT_ID ORDER BY PEX_DATE DESC) AS HW ON PAT_ID = HW.PEX_PAT_ID WHERE (PAT_DELETED=\'N\' or PAT_DELETED is null)  ORDER BY PAT_ID DESC (org.isf.utils.db.DbQueryLogger.getDataWithParams(DbQueryLogger.java:62))
[15/Jul/2018 17:10:13] [admin:admin] DEBUG - Query SELECT * FROM OPD LEFT JOIN PATIENT ON OPD_PAT_ID = PAT_ID WHERE OPD_PAT_ID = ?  ORDER BY OPD_DATE DESC (org.isf.utils.db.DbQueryLogger.getDataWithParams(DbQueryLogger.java:62))
[15/Jul/2018 17:10:17] [admin:admin] DEBUG - Query SELECT * FROM OPD LEFT JOIN PATIENT ON OPD_PAT_ID = PAT_ID WHERE OPD_PAT_ID = ?  ORDER BY OPD_DATE DESC (org.isf.utils.db.DbQueryLogger.getDataWithParams(DbQueryLogger.java:62))
[15/Jul/2018 17:10:19] [admin:admin] DEBUG - Query SELECT * FROM OPD LEFT JOIN PATIENT ON OPD_PAT_ID = PAT_ID WHERE OPD_PAT_ID = ?  ORDER BY OPD_DATE DESC (org.isf.utils.db.DbQueryLogger.getDataWithParams(DbQueryLogger.java:62))
[15/Jul/2018 17:10:20] [admin:admin] DEBUG - Query SELECT * FROM OPD LEFT JOIN PATIENT ON OPD_PAT_ID = PAT_ID WHERE OPD_PAT_ID = ?  ORDER BY OPD_DATE DESC (org.isf.utils.db.DbQueryLogger.getDataWithParams(DbQueryLogger.java:62))
[15/Jul/2018 17:10:21] [admin:admin] DEBUG - Query SELECT * FROM OPD LEFT JOIN PATIENT ON OPD_PAT_ID = PAT_ID WHERE OPD_PAT_ID = ?  ORDER BY OPD_DATE DESC (org.isf.utils.db.DbQueryLogger.getDataWithParams(DbQueryLogger.java:62))
[15/Jul/2018 17:10:23] [admin:admin] DEBUG - Query SELECT * FROM OPD LEFT JOIN PATIENT ON OPD_PAT_ID = PAT_ID WHERE OPD_PAT_ID = ?  ORDER BY OPD_DATE DESC (org.isf.utils.db.DbQueryLogger.getDataWithParams(DbQueryLogger.java:62))
[15/Jul/2018 20:19:09] [admin:admin] DEBUG - Query select * from DISEASETYPE order by DCL_DESC (org.isf.utils.db.DbQueryLogger.getData(DbQueryLogger.java:38))
[15/Jul/2018 20:19:09] [admin:admin] DEBUG - Query select * from DISEASE join DISEASETYPE on DIS_DCL_ID_A = DCL_ID_A where  (DIS_OPD_INCLUDE=1 or DIS_OPD_INCLUDE is null)  order BY DIS_DESC (org.isf.utils.db.DbQueryLogger.getDataWithParams(DbQueryLogger.java:62))
[15/Jul/2018 20:19:09] [admin:admin] DEBUG - Query select * from DISEASE join DISEASETYPE on DIS_DCL_ID_A = DCL_ID_A order BY DIS_DESC (org.isf.utils.db.DbQueryLogger.getDataWithParams(DbQueryLogger.java:62))
[15/Jul/2018 20:19:09] [admin:admin] DEBUG - Query SELECT MAX(OPD_PROG_YEAR) FROM OPD WHERE YEAR(OPD_DATE_VIS) = ? (org.isf.utils.db.DbQueryLogger.getDataWithParams(DbQueryLogger.java:62))
[15/Jul/2018 20:19:16] [admin:admin] DEBUG - Query SELECT * FROM PATIENT LEFT JOIN (SELECT PEX_PAT_ID, PEX_HEIGHT AS PAT_HEIGHT, PEX_WEIGHT AS PAT_WEIGHT FROM PATIENTEXAMINATION GROUP BY PEX_PAT_ID ORDER BY PEX_DATE DESC) AS HW ON PAT_ID = HW.PEX_PAT_ID WHERE (PAT_DELETED=\'N\' or PAT_DELETED is null) AND CONCAT(PAT_ID, LOWER(PAT_SNAME), LOWER(PAT_FNAME), LOWER(PAT_NOTE), LOWER(PAT_TAXCODE)) LIKE CONCAT(\'%\', ? , \'%\')  ORDER BY PAT_ID DESC (org.isf.utils.db.DbQueryLogger.getDataWithParams(DbQueryLogger.java:62))
[15/Jul/2018 20:19:20] [admin:admin] DEBUG - Query SELECT * FROM PATIENT LEFT JOIN (SELECT PEX_PAT_ID, PEX_HEIGHT AS PAT_HEIGHT, PEX_WEIGHT AS PAT_WEIGHT FROM PATIENTEXAMINATION GROUP BY PEX_PAT_ID ORDER BY PEX_DATE DESC) AS HW ON PAT_ID = HW.PEX_PAT_ID WHERE (PAT_DELETED=\'N\' or PAT_DELETED is null) AND CONCAT(PAT_ID, LOWER(PAT_SNAME), LOWER(PAT_FNAME), LOWER(PAT_NOTE), LOWER(PAT_TAXCODE)) LIKE CONCAT(\'%\', ? , \'%\')  ORDER BY PAT_ID DESC (org.isf.utils.db.DbQueryLogger.getDataWithParams(DbQueryLogger.java:62))
[15/Jul/2018 20:19:28] [admin:admin] DEBUG - Query SELECT * FROM PATIENT LEFT JOIN (SELECT PEX_PAT_ID, PEX_HEIGHT AS PAT_HEIGHT, PEX_WEIGHT AS PAT_WEIGHT FROM PATIENTEXAMINATION GROUP BY PEX_PAT_ID ORDER BY PEX_DATE DESC) AS HW ON PAT_ID = HW.PEX_PAT_ID WHERE (PAT_DELETED=\'N\' or PAT_DELETED is null) AND CONCAT(PAT_ID, LOWER(PAT_SNAME), LOWER(PAT_FNAME), LOWER(PAT_NOTE), LOWER(PAT_TAXCODE)) LIKE CONCAT(\'%\', ? , \'%\')  ORDER BY PAT_ID DESC (org.isf.utils.db.DbQueryLogger.getDataWithParams(DbQueryLogger.java:62))
[15/Jul/2018 20:19:28] [admin:admin] DEBUG - Query SELECT * FROM OPD LEFT JOIN PATIENT ON OPD_PAT_ID = PAT_ID WHERE OPD_PAT_ID = ?  ORDER BY OPD_DATE DESC (org.isf.utils.db.DbQueryLogger.getDataWithParams(DbQueryLogger.java:62))
[15/Jul/2018 20:19:28] [admin:admin] DEBUG - Query SELECT * FROM OPD LEFT JOIN PATIENT ON OPD_PAT_ID = PAT_ID WHERE OPD_PAT_ID = ?  ORDER BY OPD_DATE DESC (org.isf.utils.db.DbQueryLogger.getDataWithParams(DbQueryLogger.java:62))
[15/Jul/2018 20:19:28] [admin:admin] DEBUG - Query SELECT * FROM OPD LEFT JOIN PATIENT ON OPD_PAT_ID = PAT_ID WHERE OPD_PAT_ID = ?  ORDER BY OPD_DATE DESC (org.isf.utils.db.DbQueryLogger.getDataWithParams(DbQueryLogger.java:62))
[15/Jul/2018 20:19:30] [admin:admin] DEBUG - Query SELECT * FROM PATIENT LEFT JOIN (SELECT PEX_PAT_ID, PEX_HEIGHT AS PAT_HEIGHT, PEX_WEIGHT AS PAT_WEIGHT FROM PATIENTEXAMINATION GROUP BY PEX_PAT_ID ORDER BY PEX_DATE DESC) AS HW ON PAT_ID = HW.PEX_PAT_ID WHERE (PAT_DELETED=\'N\' or PAT_DELETED is null) AND CONCAT(PAT_ID, LOWER(PAT_SNAME), LOWER(PAT_FNAME), LOWER(PAT_NOTE), LOWER(PAT_TAXCODE)) LIKE CONCAT(\'%\', ? , \'%\')  ORDER BY PAT_ID DESC (org.isf.utils.db.DbQueryLogger.getDataWithParams(DbQueryLogger.java:62))
[15/Jul/2018 20:19:30] [admin:admin] DEBUG - Query SELECT * FROM OPD LEFT JOIN PATIENT ON OPD_PAT_ID = PAT_ID WHERE OPD_PAT_ID = ?  ORDER BY OPD_DATE DESC (org.isf.utils.db.DbQueryLogger.getDataWithParams(DbQueryLogger.java:62))
[15/Jul/2018 20:19:30] [admin:admin] DEBUG - Query SELECT * FROM OPD LEFT JOIN PATIENT ON OPD_PAT_ID = PAT_ID WHERE OPD_PAT_ID = ?  ORDER BY OPD_DATE DESC (org.isf.utils.db.DbQueryLogger.getDataWithParams(DbQueryLogger.java:62))
[15/Jul/2018 20:19:30] [admin:admin] DEBUG - Query SELECT * FROM OPD LEFT JOIN PATIENT ON OPD_PAT_ID = PAT_ID WHERE OPD_PAT_ID = ?  ORDER BY OPD_DATE DESC (org.isf.utils.db.DbQueryLogger.getDataWithParams(DbQueryLogger.java:62))
[15/Jul/2018 20:19:31] [admin:admin] DEBUG - Query SELECT * FROM PATIENT LEFT JOIN (SELECT PEX_PAT_ID, PEX_HEIGHT AS PAT_HEIGHT, PEX_WEIGHT AS PAT_WEIGHT FROM PATIENTEXAMINATION GROUP BY PEX_PAT_ID ORDER BY PEX_DATE DESC) AS HW ON PAT_ID = HW.PEX_PAT_ID WHERE (PAT_DELETED=\'N\' or PAT_DELETED is null) AND CONCAT(PAT_ID, LOWER(PAT_SNAME), LOWER(PAT_FNAME), LOWER(PAT_NOTE), LOWER(PAT_TAXCODE)) LIKE CONCAT(\'%\', ? , \'%\')  ORDER BY PAT_ID DESC (org.isf.utils.db.DbQueryLogger.getDataWithParams(DbQueryLogger.java:62))
[15/Jul/2018 20:19:31] [admin:admin] DEBUG - Query SELECT * FROM OPD LEFT JOIN PATIENT ON OPD_PAT_ID = PAT_ID WHERE OPD_PAT_ID = ?  ORDER BY OPD_DATE DESC (org.isf.utils.db.DbQueryLogger.getDataWithParams(DbQueryLogger.java:62))
[15/Jul/2018 20:19:31] [admin:admin] DEBUG - Query SELECT * FROM OPD LEFT JOIN PATIENT ON OPD_PAT_ID = PAT_ID WHERE OPD_PAT_ID = ?  ORDER BY OPD_DATE DESC (org.isf.utils.db.DbQueryLogger.getDataWithParams(DbQueryLogger.java:62))
[15/Jul/2018 20:19:31] [admin:admin] DEBUG - Query SELECT * FROM OPD LEFT JOIN PATIENT ON OPD_PAT_ID = PAT_ID WHERE OPD_PAT_ID = ?  ORDER BY OPD_DATE DESC (org.isf.utils.db.DbQueryLogger.getDataWithParams(DbQueryLogger.java:62))
[15/Jul/2018 20:19:35] [admin:admin] DEBUG - Query SELECT * FROM PATIENT LEFT JOIN (SELECT PEX_PAT_ID, PEX_HEIGHT AS PAT_HEIGHT, PEX_WEIGHT AS PAT_WEIGHT FROM PATIENTEXAMINATION GROUP BY PEX_PAT_ID ORDER BY PEX_DATE DESC) AS HW ON PAT_ID = HW.PEX_PAT_ID WHERE (PAT_DELETED=\'N\' or PAT_DELETED is null) AND CONCAT(PAT_ID, LOWER(PAT_SNAME), LOWER(PAT_FNAME), LOWER(PAT_NOTE), LOWER(PAT_TAXCODE)) LIKE CONCAT(\'%\', ? , \'%\')  ORDER BY PAT_ID DESC (org.isf.utils.db.DbQueryLogger.getDataWithParams(DbQueryLogger.java:62))
[15/Jul/2018 20:19:35] [admin:admin] DEBUG - Query SELECT * FROM OPD LEFT JOIN PATIENT ON OPD_PAT_ID = PAT_ID WHERE OPD_PAT_ID = ?  ORDER BY OPD_DATE DESC (org.isf.utils.db.DbQueryLogger.getDataWithParams(DbQueryLogger.java:62))
[15/Jul/2018 20:19:35] [admin:admin] DEBUG - Query SELECT * FROM OPD LEFT JOIN PATIENT ON OPD_PAT_ID = PAT_ID WHERE OPD_PAT_ID = ?  ORDER BY OPD_DATE DESC (org.isf.utils.db.DbQueryLogger.getDataWithParams(DbQueryLogger.java:62))
[15/Jul/2018 20:19:39] [admin:admin] DEBUG - Query SELECT * FROM PATIENT LEFT JOIN (SELECT PEX_PAT_ID, PEX_HEIGHT AS PAT_HEIGHT, PEX_WEIGHT AS PAT_WEIGHT FROM PATIENTEXAMINATION GROUP BY PEX_PAT_ID ORDER BY PEX_DATE DESC) AS HW ON PAT_ID = HW.PEX_PAT_ID WHERE (PAT_DELETED=\'N\' or PAT_DELETED is null) AND CONCAT(PAT_ID, LOWER(PAT_SNAME), LOWER(PAT_FNAME), LOWER(PAT_NOTE), LOWER(PAT_TAXCODE)) LIKE CONCAT(\'%\', ? , \'%\')  ORDER BY PAT_ID DESC (org.isf.utils.db.DbQueryLogger.getDataWithParams(DbQueryLogger.java:62))
[15/Jul/2018 20:19:39] [admin:admin] DEBUG - Query SELECT * FROM OPD LEFT JOIN PATIENT ON OPD_PAT_ID = PAT_ID WHERE OPD_PAT_ID = ?  ORDER BY OPD_DATE DESC (org.isf.utils.db.DbQueryLogger.getDataWithParams(DbQueryLogger.java:62))
[15/Jul/2018 20:19:39] [admin:admin] DEBUG - Query SELECT * FROM OPD LEFT JOIN PATIENT ON OPD_PAT_ID = PAT_ID WHERE OPD_PAT_ID = ?  ORDER BY OPD_DATE DESC (org.isf.utils.db.DbQueryLogger.getDataWithParams(DbQueryLogger.java:62))
[15/Jul/2018 20:19:40] [admin:admin] DEBUG - Query SELECT * FROM PATIENT LEFT JOIN (SELECT PEX_PAT_ID, PEX_HEIGHT AS PAT_HEIGHT, PEX_WEIGHT AS PAT_WEIGHT FROM PATIENTEXAMINATION GROUP BY PEX_PAT_ID ORDER BY PEX_DATE DESC) AS HW ON PAT_ID = HW.PEX_PAT_ID WHERE (PAT_DELETED=\'N\' or PAT_DELETED is null) AND CONCAT(PAT_ID, LOWER(PAT_SNAME), LOWER(PAT_FNAME), LOWER(PAT_NOTE), LOWER(PAT_TAXCODE)) LIKE CONCAT(\'%\', ? , \'%\')  ORDER BY PAT_ID DESC (org.isf.utils.db.DbQueryLogger.getDataWithParams(DbQueryLogger.java:62))
[15/Jul/2018 20:19:40] [admin:admin] DEBUG - Query SELECT * FROM OPD LEFT JOIN PATIENT ON OPD_PAT_ID = PAT_ID WHERE OPD_PAT_ID = ?  ORDER BY OPD_DATE DESC (org.isf.utils.db.DbQueryLogger.getDataWithParams(DbQueryLogger.java:62))
[15/Jul/2018 20:19:40] [admin:admin] DEBUG - Query SELECT * FROM OPD LEFT JOIN PATIENT ON OPD_PAT_ID = PAT_ID WHERE OPD_PAT_ID = ?  ORDER BY OPD_DATE DESC (org.isf.utils.db.DbQueryLogger.getDataWithParams(DbQueryLogger.java:62))
[15/Jul/2018 20:19:41] [admin:admin] DEBUG - Query SELECT * FROM PATIENT LEFT JOIN (SELECT PEX_PAT_ID, PEX_HEIGHT AS PAT_HEIGHT, PEX_WEIGHT AS PAT_WEIGHT FROM PATIENTEXAMINATION GROUP BY PEX_PAT_ID ORDER BY PEX_DATE DESC) AS HW ON PAT_ID = HW.PEX_PAT_ID WHERE (PAT_DELETED=\'N\' or PAT_DELETED is null) AND CONCAT(PAT_ID, LOWER(PAT_SNAME), LOWER(PAT_FNAME), LOWER(PAT_NOTE), LOWER(PAT_TAXCODE)) LIKE CONCAT(\'%\', ? , \'%\')  ORDER BY PAT_ID DESC (org.isf.utils.db.DbQueryLogger.getDataWithParams(DbQueryLogger.java:62))
[15/Jul/2018 20:19:41] [admin:admin] DEBUG - Query SELECT * FROM OPD LEFT JOIN PATIENT ON OPD_PAT_ID = PAT_ID WHERE OPD_PAT_ID = ?  ORDER BY OPD_DATE DESC (org.isf.utils.db.DbQueryLogger.getDataWithParams(DbQueryLogger.java:62))
[15/Jul/2018 20:19:41] [admin:admin] DEBUG - Query SELECT * FROM OPD LEFT JOIN PATIENT ON OPD_PAT_ID = PAT_ID WHERE OPD_PAT_ID = ?  ORDER BY OPD_DATE DESC (org.isf.utils.db.DbQueryLogger.getDataWithParams(DbQueryLogger.java:62))
[15/Jul/2018 20:19:42] [admin:admin] DEBUG - Query SELECT * FROM PATIENT LEFT JOIN (SELECT PEX_PAT_ID, PEX_HEIGHT AS PAT_HEIGHT, PEX_WEIGHT AS PAT_WEIGHT FROM PATIENTEXAMINATION GROUP BY PEX_PAT_ID ORDER BY PEX_DATE DESC) AS HW ON PAT_ID = HW.PEX_PAT_ID WHERE (PAT_DELETED=\'N\' or PAT_DELETED is null) AND CONCAT(PAT_ID, LOWER(PAT_SNAME), LOWER(PAT_FNAME), LOWER(PAT_NOTE), LOWER(PAT_TAXCODE)) LIKE CONCAT(\'%\', ? , \'%\')  ORDER BY PAT_ID DESC (org.isf.utils.db.DbQueryLogger.getDataWithParams(DbQueryLogger.java:62))
[15/Jul/2018 20:19:42] [admin:admin] DEBUG - Query SELECT * FROM OPD LEFT JOIN PATIENT ON OPD_PAT_ID = PAT_ID WHERE OPD_PAT_ID = ?  ORDER BY OPD_DATE DESC (org.isf.utils.db.DbQueryLogger.getDataWithParams(DbQueryLogger.java:62))
[15/Jul/2018 20:19:42] [admin:admin] DEBUG - Query SELECT * FROM OPD LEFT JOIN PATIENT ON OPD_PAT_ID = PAT_ID WHERE OPD_PAT_ID = ?  ORDER BY OPD_DATE DESC (org.isf.utils.db.DbQueryLogger.getDataWithParams(DbQueryLogger.java:62))
[15/Jul/2018 20:19:43] [admin:admin] DEBUG - Query SELECT * FROM PATIENT LEFT JOIN (SELECT PEX_PAT_ID, PEX_HEIGHT AS PAT_HEIGHT, PEX_WEIGHT AS PAT_WEIGHT FROM PATIENTEXAMINATION GROUP BY PEX_PAT_ID ORDER BY PEX_DATE DESC) AS HW ON PAT_ID = HW.PEX_PAT_ID WHERE (PAT_DELETED=\'N\' or PAT_DELETED is null) AND CONCAT(PAT_ID, LOWER(PAT_SNAME), LOWER(PAT_FNAME), LOWER(PAT_NOTE), LOWER(PAT_TAXCODE)) LIKE CONCAT(\'%\', ? , \'%\')  ORDER BY PAT_ID DESC (org.isf.utils.db.DbQueryLogger.getDataWithParams(DbQueryLogger.java:62))
[15/Jul/2018 20:19:43] [admin:admin] DEBUG - Query SELECT * FROM OPD LEFT JOIN PATIENT ON OPD_PAT_ID = PAT_ID WHERE OPD_PAT_ID = ?  ORDER BY OPD_DATE DESC (org.isf.utils.db.DbQueryLogger.getDataWithParams(DbQueryLogger.java:62))
[15/Jul/2018 20:19:43] [admin:admin] DEBUG - Query SELECT * FROM OPD LEFT JOIN PATIENT ON OPD_PAT_ID = PAT_ID WHERE OPD_PAT_ID = ?  ORDER BY OPD_DATE DESC (org.isf.utils.db.DbQueryLogger.getDataWithParams(DbQueryLogger.java:62))
[15/Jul/2018 20:19:44] [admin:admin] DEBUG - Query SELECT * FROM PATIENT LEFT JOIN (SELECT PEX_PAT_ID, PEX_HEIGHT AS PAT_HEIGHT, PEX_WEIGHT AS PAT_WEIGHT FROM PATIENTEXAMINATION GROUP BY PEX_PAT_ID ORDER BY PEX_DATE DESC) AS HW ON PAT_ID = HW.PEX_PAT_ID WHERE (PAT_DELETED=\'N\' or PAT_DELETED is null) AND CONCAT(PAT_ID, LOWER(PAT_SNAME), LOWER(PAT_FNAME), LOWER(PAT_NOTE), LOWER(PAT_TAXCODE)) LIKE CONCAT(\'%\', ? , \'%\')  ORDER BY PAT_ID DESC (org.isf.utils.db.DbQueryLogger.getDataWithParams(DbQueryLogger.java:62))
[15/Jul/2018 20:19:44] [admin:admin] DEBUG - Query SELECT * FROM OPD LEFT JOIN PATIENT ON OPD_PAT_ID = PAT_ID WHERE OPD_PAT_ID = ?  ORDER BY OPD_DATE DESC (org.isf.utils.db.DbQueryLogger.getDataWithParams(DbQueryLogger.java:62))
[15/Jul/2018 20:19:44] [admin:admin] DEBUG - Query SELECT * FROM OPD LEFT JOIN PATIENT ON OPD_PAT_ID = PAT_ID WHERE OPD_PAT_ID = ?  ORDER BY OPD_DATE DESC (org.isf.utils.db.DbQueryLogger.getDataWithParams(DbQueryLogger.java:62))
[15/Jul/2018 20:19:44] [admin:admin] DEBUG - Query SELECT * FROM PATIENT LEFT JOIN (SELECT PEX_PAT_ID, PEX_HEIGHT AS PAT_HEIGHT, PEX_WEIGHT AS PAT_WEIGHT FROM PATIENTEXAMINATION GROUP BY PEX_PAT_ID ORDER BY PEX_DATE DESC) AS HW ON PAT_ID = HW.PEX_PAT_ID WHERE (PAT_DELETED=\'N\' or PAT_DELETED is null) AND CONCAT(PAT_ID, LOWER(PAT_SNAME), LOWER(PAT_FNAME), LOWER(PAT_NOTE), LOWER(PAT_TAXCODE)) LIKE CONCAT(\'%\', ? , \'%\')  ORDER BY PAT_ID DESC (org.isf.utils.db.DbQueryLogger.getDataWithParams(DbQueryLogger.java:62))
[15/Jul/2018 20:19:44] [admin:admin] DEBUG - Query SELECT * FROM OPD LEFT JOIN PATIENT ON OPD_PAT_ID = PAT_ID WHERE OPD_PAT_ID = ?  ORDER BY OPD_DATE DESC (org.isf.utils.db.DbQueryLogger.getDataWithParams(DbQueryLogger.java:62))
[15/Jul/2018 20:19:44] [admin:admin] DEBUG - Query SELECT * FROM OPD LEFT JOIN PATIENT ON OPD_PAT_ID = PAT_ID WHERE OPD_PAT_ID = ?  ORDER BY OPD_DATE DESC (org.isf.utils.db.DbQueryLogger.getDataWithParams(DbQueryLogger.java:62))
[15/Jul/2018 20:19:44] [admin:admin] DEBUG - Query SELECT * FROM PATIENT LEFT JOIN (SELECT PEX_PAT_ID, PEX_HEIGHT AS PAT_HEIGHT, PEX_WEIGHT AS PAT_WEIGHT FROM PATIENTEXAMINATION GROUP BY PEX_PAT_ID ORDER BY PEX_DATE DESC) AS HW ON PAT_ID = HW.PEX_PAT_ID WHERE (PAT_DELETED=\'N\' or PAT_DELETED is null) AND CONCAT(PAT_ID, LOWER(PAT_SNAME), LOWER(PAT_FNAME), LOWER(PAT_NOTE), LOWER(PAT_TAXCODE)) LIKE CONCAT(\'%\', ? , \'%\')  ORDER BY PAT_ID DESC (org.isf.utils.db.DbQueryLogger.getDataWithParams(DbQueryLogger.java:62))
[15/Jul/2018 20:19:44] [admin:admin] DEBUG - Query SELECT * FROM OPD LEFT JOIN PATIENT ON OPD_PAT_ID = PAT_ID WHERE OPD_PAT_ID = ?  ORDER BY OPD_DATE DESC (org.isf.utils.db.DbQueryLogger.getDataWithParams(DbQueryLogger.java:62))
[15/Jul/2018 20:19:44] [admin:admin] DEBUG - Query SELECT * FROM OPD LEFT JOIN PATIENT ON OPD_PAT_ID = PAT_ID WHERE OPD_PAT_ID = ?  ORDER BY OPD_DATE DESC (org.isf.utils.db.DbQueryLogger.getDataWithParams(DbQueryLogger.java:62))
[15/Jul/2018 20:19:44] [admin:admin] DEBUG - Query SELECT * FROM PATIENT LEFT JOIN (SELECT PEX_PAT_ID, PEX_HEIGHT AS PAT_HEIGHT, PEX_WEIGHT AS PAT_WEIGHT FROM PATIENTEXAMINATION GROUP BY PEX_PAT_ID ORDER BY PEX_DATE DESC) AS HW ON PAT_ID = HW.PEX_PAT_ID WHERE (PAT_DELETED=\'N\' or PAT_DELETED is null) AND CONCAT(PAT_ID, LOWER(PAT_SNAME), LOWER(PAT_FNAME), LOWER(PAT_NOTE), LOWER(PAT_TAXCODE)) LIKE CONCAT(\'%\', ? , \'%\')  ORDER BY PAT_ID DESC (org.isf.utils.db.DbQueryLogger.getDataWithParams(DbQueryLogger.java:62))
[15/Jul/2018 20:19:44] [admin:admin] DEBUG - Query SELECT * FROM OPD LEFT JOIN PATIENT ON OPD_PAT_ID = PAT_ID WHERE OPD_PAT_ID = ?  ORDER BY OPD_DATE DESC (org.isf.utils.db.DbQueryLogger.getDataWithParams(DbQueryLogger.java:62))
[15/Jul/2018 20:19:44] [admin:admin] DEBUG - Query SELECT * FROM OPD LEFT JOIN PATIENT ON OPD_PAT_ID = PAT_ID WHERE OPD_PAT_ID = ?  ORDER BY OPD_DATE DESC (org.isf.utils.db.DbQueryLogger.getDataWithParams(DbQueryLogger.java:62))
[15/Jul/2018 20:19:44] [admin:admin] DEBUG - Query SELECT * FROM PATIENT LEFT JOIN (SELECT PEX_PAT_ID, PEX_HEIGHT AS PAT_HEIGHT, PEX_WEIGHT AS PAT_WEIGHT FROM PATIENTEXAMINATION GROUP BY PEX_PAT_ID ORDER BY PEX_DATE DESC) AS HW ON PAT_ID = HW.PEX_PAT_ID WHERE (PAT_DELETED=\'N\' or PAT_DELETED is null) AND CONCAT(PAT_ID, LOWER(PAT_SNAME), LOWER(PAT_FNAME), LOWER(PAT_NOTE), LOWER(PAT_TAXCODE)) LIKE CONCAT(\'%\', ? , \'%\')  ORDER BY PAT_ID DESC (org.isf.utils.db.DbQueryLogger.getDataWithParams(DbQueryLogger.java:62))
[15/Jul/2018 20:19:44] [admin:admin] DEBUG - Query SELECT * FROM OPD LEFT JOIN PATIENT ON OPD_PAT_ID = PAT_ID WHERE OPD_PAT_ID = ?  ORDER BY OPD_DATE DESC (org.isf.utils.db.DbQueryLogger.getDataWithParams(DbQueryLogger.java:62))
[15/Jul/2018 20:19:45] [admin:admin] DEBUG - Query SELECT * FROM OPD LEFT JOIN PATIENT ON OPD_PAT_ID = PAT_ID WHERE OPD_PAT_ID = ?  ORDER BY OPD_DATE DESC (org.isf.utils.db.DbQueryLogger.getDataWithParams(DbQueryLogger.java:62))
[15/Jul/2018 20:19:46] [admin:admin] DEBUG - Query SELECT * FROM PATIENT LEFT JOIN (SELECT PEX_PAT_ID, PEX_HEIGHT AS PAT_HEIGHT, PEX_WEIGHT AS PAT_WEIGHT FROM PATIENTEXAMINATION GROUP BY PEX_PAT_ID ORDER BY PEX_DATE DESC) AS HW ON PAT_ID = HW.PEX_PAT_ID WHERE (PAT_DELETED=\'N\' or PAT_DELETED is null) AND CONCAT(PAT_ID, LOWER(PAT_SNAME), LOWER(PAT_FNAME), LOWER(PAT_NOTE), LOWER(PAT_TAXCODE)) LIKE CONCAT(\'%\', ? , \'%\')  ORDER BY PAT_ID DESC (org.isf.utils.db.DbQueryLogger.getDataWithParams(DbQueryLogger.java:62))
[15/Jul/2018 20:19:47] [admin:admin] DEBUG - Query SELECT * FROM OPD LEFT JOIN PATIENT ON OPD_PAT_ID = PAT_ID WHERE OPD_PAT_ID = ?  ORDER BY OPD_DATE DESC (org.isf.utils.db.DbQueryLogger.getDataWithParams(DbQueryLogger.java:62))
[15/Jul/2018 20:19:47] [admin:admin] DEBUG - Query SELECT * FROM OPD LEFT JOIN PATIENT ON OPD_PAT_ID = PAT_ID WHERE OPD_PAT_ID = ?  ORDER BY OPD_DATE DESC (org.isf.utils.db.DbQueryLogger.getDataWithParams(DbQueryLogger.java:62))
[15/Jul/2018 20:19:47] [admin:admin] DEBUG - Query SELECT * FROM OPD LEFT JOIN PATIENT ON OPD_PAT_ID = PAT_ID WHERE OPD_PAT_ID = ?  ORDER BY OPD_DATE DESC (org.isf.utils.db.DbQueryLogger.getDataWithParams(DbQueryLogger.java:62))
[15/Jul/2018 20:19:49] [admin:admin] DEBUG - Query SELECT * FROM PATIENT LEFT JOIN (SELECT PEX_PAT_ID, PEX_HEIGHT AS PAT_HEIGHT, PEX_WEIGHT AS PAT_WEIGHT FROM PATIENTEXAMINATION GROUP BY PEX_PAT_ID ORDER BY PEX_DATE DESC) AS HW ON PAT_ID = HW.PEX_PAT_ID WHERE (PAT_DELETED=\'N\' or PAT_DELETED is null) AND CONCAT(PAT_ID, LOWER(PAT_SNAME), LOWER(PAT_FNAME), LOWER(PAT_NOTE), LOWER(PAT_TAXCODE)) LIKE CONCAT(\'%\', ? , \'%\')  ORDER BY PAT_ID DESC (org.isf.utils.db.DbQueryLogger.getDataWithParams(DbQueryLogger.java:62))
[15/Jul/2018 20:19:49] [admin:admin] DEBUG - Query SELECT * FROM OPD LEFT JOIN PATIENT ON OPD_PAT_ID = PAT_ID WHERE OPD_PAT_ID = ?  ORDER BY OPD_DATE DESC (org.isf.utils.db.DbQueryLogger.getDataWithParams(DbQueryLogger.java:62))
[15/Jul/2018 20:19:49] [admin:admin] DEBUG - Query SELECT * FROM OPD LEFT JOIN PATIENT ON OPD_PAT_ID = PAT_ID WHERE OPD_PAT_ID = ?  ORDER BY OPD_DATE DESC (org.isf.utils.db.DbQueryLogger.getDataWithParams(DbQueryLogger.java:62))
[15/Jul/2018 20:19:52] [admin:admin] DEBUG - Query SELECT * FROM PATIENT LEFT JOIN (SELECT PEX_PAT_ID, PEX_HEIGHT AS PAT_HEIGHT, PEX_WEIGHT AS PAT_WEIGHT FROM PATIENTEXAMINATION GROUP BY PEX_PAT_ID ORDER BY PEX_DATE DESC) AS HW ON PAT_ID = HW.PEX_PAT_ID WHERE (PAT_DELETED=\'N\' or PAT_DELETED is null) AND CONCAT(PAT_ID, LOWER(PAT_SNAME), LOWER(PAT_FNAME), LOWER(PAT_NOTE), LOWER(PAT_TAXCODE)) LIKE CONCAT(\'%\', ? , \'%\')  ORDER BY PAT_ID DESC (org.isf.utils.db.DbQueryLogger.getDataWithParams(DbQueryLogger.java:62))
[15/Jul/2018 20:19:52] [admin:admin] DEBUG - Query SELECT * FROM OPD LEFT JOIN PATIENT ON OPD_PAT_ID = PAT_ID WHERE OPD_PAT_ID = ?  ORDER BY OPD_DATE DESC (org.isf.utils.db.DbQueryLogger.getDataWithParams(DbQueryLogger.java:62))
[15/Jul/2018 20:19:52] [admin:admin] DEBUG - Query SELECT * FROM OPD LEFT JOIN PATIENT ON OPD_PAT_ID = PAT_ID WHERE OPD_PAT_ID = ?  ORDER BY OPD_DATE DESC (org.isf.utils.db.DbQueryLogger.getDataWithParams(DbQueryLogger.java:62))
[15/Jul/2018 20:19:52] [admin:admin] DEBUG - Query SELECT * FROM OPD LEFT JOIN PATIENT ON OPD_PAT_ID = PAT_ID WHERE OPD_PAT_ID = ?  ORDER BY OPD_DATE DESC (org.isf.utils.db.DbQueryLogger.getDataWithParams(DbQueryLogger.java:62))
[15/Jul/2018 20:19:53] [admin:admin] DEBUG - Query SELECT * FROM PATIENT LEFT JOIN (SELECT PEX_PAT_ID, PEX_HEIGHT AS PAT_HEIGHT, PEX_WEIGHT AS PAT_WEIGHT FROM PATIENTEXAMINATION GROUP BY PEX_PAT_ID ORDER BY PEX_DATE DESC) AS HW ON PAT_ID = HW.PEX_PAT_ID WHERE (PAT_DELETED=\'N\' or PAT_DELETED is null) AND CONCAT(PAT_ID, LOWER(PAT_SNAME), LOWER(PAT_FNAME), LOWER(PAT_NOTE), LOWER(PAT_TAXCODE)) LIKE CONCAT(\'%\', ? , \'%\')  ORDER BY PAT_ID DESC (org.isf.utils.db.DbQueryLogger.getDataWithParams(DbQueryLogger.java:62))
[15/Jul/2018 20:19:53] [admin:admin] DEBUG - Query SELECT * FROM OPD LEFT JOIN PATIENT ON OPD_PAT_ID = PAT_ID WHERE OPD_PAT_ID = ?  ORDER BY OPD_DATE DESC (org.isf.utils.db.DbQueryLogger.getDataWithParams(DbQueryLogger.java:62))
[15/Jul/2018 20:19:53] [admin:admin] DEBUG - Query SELECT * FROM OPD LEFT JOIN PATIENT ON OPD_PAT_ID = PAT_ID WHERE OPD_PAT_ID = ?  ORDER BY OPD_DATE DESC (org.isf.utils.db.DbQueryLogger.getDataWithParams(DbQueryLogger.java:62))
[15/Jul/2018 20:19:54] [admin:admin] DEBUG - Query SELECT * FROM PATIENT LEFT JOIN (SELECT PEX_PAT_ID, PEX_HEIGHT AS PAT_HEIGHT, PEX_WEIGHT AS PAT_WEIGHT FROM PATIENTEXAMINATION GROUP BY PEX_PAT_ID ORDER BY PEX_DATE DESC) AS HW ON PAT_ID = HW.PEX_PAT_ID WHERE (PAT_DELETED=\'N\' or PAT_DELETED is null) AND CONCAT(PAT_ID, LOWER(PAT_SNAME), LOWER(PAT_FNAME), LOWER(PAT_NOTE), LOWER(PAT_TAXCODE)) LIKE CONCAT(\'%\', ? , \'%\')  ORDER BY PAT_ID DESC (org.isf.utils.db.DbQueryLogger.getDataWithParams(DbQueryLogger.java:62))
[15/Jul/2018 20:19:54] [admin:admin] DEBUG - Query SELECT * FROM OPD LEFT JOIN PATIENT ON OPD_PAT_ID = PAT_ID WHERE OPD_PAT_ID = ?  ORDER BY OPD_DATE DESC (org.isf.utils.db.DbQueryLogger.getDataWithParams(DbQueryLogger.java:62))
[15/Jul/2018 20:19:54] [admin:admin] DEBUG - Query SELECT * FROM OPD LEFT JOIN PATIENT ON OPD_PAT_ID = PAT_ID WHERE OPD_PAT_ID = ?  ORDER BY OPD_DATE DESC (org.isf.utils.db.DbQueryLogger.getDataWithParams(DbQueryLogger.java:62))
[15/Jul/2018 20:19:54] [admin:admin] DEBUG - Query SELECT * FROM OPD LEFT JOIN PATIENT ON OPD_PAT_ID = PAT_ID WHERE OPD_PAT_ID = ?  ORDER BY OPD_DATE DESC (org.isf.utils.db.DbQueryLogger.getDataWithParams(DbQueryLogger.java:62))
[15/Jul/2018 20:19:55] [admin:admin] DEBUG - Query SELECT * FROM PATIENT LEFT JOIN (SELECT PEX_PAT_ID, PEX_HEIGHT AS PAT_HEIGHT, PEX_WEIGHT AS PAT_WEIGHT FROM PATIENTEXAMINATION GROUP BY PEX_PAT_ID ORDER BY PEX_DATE DESC) AS HW ON PAT_ID = HW.PEX_PAT_ID WHERE (PAT_DELETED=\'N\' or PAT_DELETED is null) AND CONCAT(PAT_ID, LOWER(PAT_SNAME), LOWER(PAT_FNAME), LOWER(PAT_NOTE), LOWER(PAT_TAXCODE)) LIKE CONCAT(\'%\', ? , \'%\')  ORDER BY PAT_ID DESC (org.isf.utils.db.DbQueryLogger.getDataWithParams(DbQueryLogger.java:62))
[15/Jul/2018 20:19:55] [admin:admin] DEBUG - Query SELECT * FROM OPD LEFT JOIN PATIENT ON OPD_PAT_ID = PAT_ID WHERE OPD_PAT_ID = ?  ORDER BY OPD_DATE DESC (org.isf.utils.db.DbQueryLogger.getDataWithParams(DbQueryLogger.java:62))
[15/Jul/2018 20:19:55] [admin:admin] DEBUG - Query SELECT * FROM OPD LEFT JOIN PATIENT ON OPD_PAT_ID = PAT_ID WHERE OPD_PAT_ID = ?  ORDER BY OPD_DATE DESC (org.isf.utils.db.DbQueryLogger.getDataWithParams(DbQueryLogger.java:62))
[15/Jul/2018 20:19:56] [admin:admin] DEBUG - Query SELECT * FROM PATIENT LEFT JOIN (SELECT PEX_PAT_ID, PEX_HEIGHT AS PAT_HEIGHT, PEX_WEIGHT AS PAT_WEIGHT FROM PATIENTEXAMINATION GROUP BY PEX_PAT_ID ORDER BY PEX_DATE DESC) AS HW ON PAT_ID = HW.PEX_PAT_ID WHERE (PAT_DELETED=\'N\' or PAT_DELETED is null) AND CONCAT(PAT_ID, LOWER(PAT_SNAME), LOWER(PAT_FNAME), LOWER(PAT_NOTE), LOWER(PAT_TAXCODE)) LIKE CONCAT(\'%\', ? , \'%\')  ORDER BY PAT_ID DESC (org.isf.utils.db.DbQueryLogger.getDataWithParams(DbQueryLogger.java:62))
[15/Jul/2018 20:19:56] [admin:admin] DEBUG - Query SELECT * FROM OPD LEFT JOIN PATIENT ON OPD_PAT_ID = PAT_ID WHERE OPD_PAT_ID = ?  ORDER BY OPD_DATE DESC (org.isf.utils.db.DbQueryLogger.getDataWithParams(DbQueryLogger.java:62))
[15/Jul/2018 20:19:56] [admin:admin] DEBUG - Query SELECT * FROM OPD LEFT JOIN PATIENT ON OPD_PAT_ID = PAT_ID WHERE OPD_PAT_ID = ?  ORDER BY OPD_DATE DESC (org.isf.utils.db.DbQueryLogger.getDataWithParams(DbQueryLogger.java:62))
[15/Jul/2018 20:19:56] [admin:admin] DEBUG - Query SELECT * FROM OPD LEFT JOIN PATIENT ON OPD_PAT_ID = PAT_ID WHERE OPD_PAT_ID = ?  ORDER BY OPD_DATE DESC (org.isf.utils.db.DbQueryLogger.getDataWithParams(DbQueryLogger.java:62))
[15/Jul/2018 20:19:57] [admin:admin] DEBUG - Query SELECT * FROM PATIENT LEFT JOIN (SELECT PEX_PAT_ID, PEX_HEIGHT AS PAT_HEIGHT, PEX_WEIGHT AS PAT_WEIGHT FROM PATIENTEXAMINATION GROUP BY PEX_PAT_ID ORDER BY PEX_DATE DESC) AS HW ON PAT_ID = HW.PEX_PAT_ID WHERE (PAT_DELETED=\'N\' or PAT_DELETED is null) AND CONCAT(PAT_ID, LOWER(PAT_SNAME), LOWER(PAT_FNAME), LOWER(PAT_NOTE), LOWER(PAT_TAXCODE)) LIKE CONCAT(\'%\', ? , \'%\')  ORDER BY PAT_ID DESC (org.isf.utils.db.DbQueryLogger.getDataWithParams(DbQueryLogger.java:62))
[15/Jul/2018 20:19:58] [admin:admin] DEBUG - Query SELECT * FROM OPD LEFT JOIN PATIENT ON OPD_PAT_ID = PAT_ID WHERE OPD_PAT_ID = ?  ORDER BY OPD_DATE DESC (org.isf.utils.db.DbQueryLogger.getDataWithParams(DbQueryLogger.java:62))
[15/Jul/2018 20:19:58] [admin:admin] DEBUG - Query SELECT * FROM OPD LEFT JOIN PATIENT ON OPD_PAT_ID = PAT_ID WHERE OPD_PAT_ID = ?  ORDER BY OPD_DATE DESC (org.isf.utils.db.DbQueryLogger.getDataWithParams(DbQueryLogger.java:62))
[15/Jul/2018 20:19:58] [admin:admin] DEBUG - Query SELECT * FROM PATIENT LEFT JOIN (SELECT PEX_PAT_ID, PEX_HEIGHT AS PAT_HEIGHT, PEX_WEIGHT AS PAT_WEIGHT FROM PATIENTEXAMINATION GROUP BY PEX_PAT_ID ORDER BY PEX_DATE DESC) AS HW ON PAT_ID = HW.PEX_PAT_ID WHERE (PAT_DELETED=\'N\' or PAT_DELETED is null) AND CONCAT(PAT_ID, LOWER(PAT_SNAME), LOWER(PAT_FNAME), LOWER(PAT_NOTE), LOWER(PAT_TAXCODE)) LIKE CONCAT(\'%\', ? , \'%\')  ORDER BY PAT_ID DESC (org.isf.utils.db.DbQueryLogger.getDataWithParams(DbQueryLogger.java:62))
[15/Jul/2018 20:19:58] [admin:admin] DEBUG - Query SELECT * FROM OPD LEFT JOIN PATIENT ON OPD_PAT_ID = PAT_ID WHERE OPD_PAT_ID = ?  ORDER BY OPD_DATE DESC (org.isf.utils.db.DbQueryLogger.getDataWithParams(DbQueryLogger.java:62))
[15/Jul/2018 20:19:58] [admin:admin] DEBUG - Query SELECT * FROM OPD LEFT JOIN PATIENT ON OPD_PAT_ID = PAT_ID WHERE OPD_PAT_ID = ?  ORDER BY OPD_DATE DESC (org.isf.utils.db.DbQueryLogger.getDataWithParams(DbQueryLogger.java:62))
[15/Jul/2018 20:19:59] [admin:admin] DEBUG - Query SELECT * FROM PATIENT LEFT JOIN (SELECT PEX_PAT_ID, PEX_HEIGHT AS PAT_HEIGHT, PEX_WEIGHT AS PAT_WEIGHT FROM PATIENTEXAMINATION GROUP BY PEX_PAT_ID ORDER BY PEX_DATE DESC) AS HW ON PAT_ID = HW.PEX_PAT_ID WHERE (PAT_DELETED=\'N\' or PAT_DELETED is null) AND CONCAT(PAT_ID, LOWER(PAT_SNAME), LOWER(PAT_FNAME), LOWER(PAT_NOTE), LOWER(PAT_TAXCODE)) LIKE CONCAT(\'%\', ? , \'%\')  ORDER BY PAT_ID DESC (org.isf.utils.db.DbQueryLogger.getDataWithParams(DbQueryLogger.java:62))
[15/Jul/2018 20:19:59] [admin:admin] DEBUG - Query SELECT * FROM OPD LEFT JOIN PATIENT ON OPD_PAT_ID = PAT_ID WHERE OPD_PAT_ID = ?  ORDER BY OPD_DATE DESC (org.isf.utils.db.DbQueryLogger.getDataWithParams(DbQueryLogger.java:62))
[15/Jul/2018 20:19:59] [admin:admin] DEBUG - Query SELECT * FROM OPD LEFT JOIN PATIENT ON OPD_PAT_ID = PAT_ID WHERE OPD_PAT_ID = ?  ORDER BY OPD_DATE DESC (org.isf.utils.db.DbQueryLogger.getDataWithParams(DbQueryLogger.java:62))
[15/Jul/2018 20:19:59] [admin:admin] DEBUG - Query SELECT * FROM PATIENT LEFT JOIN (SELECT PEX_PAT_ID, PEX_HEIGHT AS PAT_HEIGHT, PEX_WEIGHT AS PAT_WEIGHT FROM PATIENTEXAMINATION GROUP BY PEX_PAT_ID ORDER BY PEX_DATE DESC) AS HW ON PAT_ID = HW.PEX_PAT_ID WHERE (PAT_DELETED=\'N\' or PAT_DELETED is null) AND CONCAT(PAT_ID, LOWER(PAT_SNAME), LOWER(PAT_FNAME), LOWER(PAT_NOTE), LOWER(PAT_TAXCODE)) LIKE CONCAT(\'%\', ? , \'%\')  ORDER BY PAT_ID DESC (org.isf.utils.db.DbQueryLogger.getDataWithParams(DbQueryLogger.java:62))
[15/Jul/2018 20:19:59] [admin:admin] DEBUG - Query SELECT * FROM OPD LEFT JOIN PATIENT ON OPD_PAT_ID = PAT_ID WHERE OPD_PAT_ID = ?  ORDER BY OPD_DATE DESC (org.isf.utils.db.DbQueryLogger.getDataWithParams(DbQueryLogger.java:62))
[15/Jul/2018 20:19:59] [admin:admin] DEBUG - Query SELECT * FROM OPD LEFT JOIN PATIENT ON OPD_PAT_ID = PAT_ID WHERE OPD_PAT_ID = ?  ORDER BY OPD_DATE DESC (org.isf.utils.db.DbQueryLogger.getDataWithParams(DbQueryLogger.java:62))
[15/Jul/2018 20:20:00] [admin:admin] DEBUG - Query SELECT * FROM PATIENT LEFT JOIN (SELECT PEX_PAT_ID, PEX_HEIGHT AS PAT_HEIGHT, PEX_WEIGHT AS PAT_WEIGHT FROM PATIENTEXAMINATION GROUP BY PEX_PAT_ID ORDER BY PEX_DATE DESC) AS HW ON PAT_ID = HW.PEX_PAT_ID WHERE (PAT_DELETED=\'N\' or PAT_DELETED is null) AND CONCAT(PAT_ID, LOWER(PAT_SNAME), LOWER(PAT_FNAME), LOWER(PAT_NOTE), LOWER(PAT_TAXCODE)) LIKE CONCAT(\'%\', ? , \'%\')  ORDER BY PAT_ID DESC (org.isf.utils.db.DbQueryLogger.getDataWithParams(DbQueryLogger.java:62))
[15/Jul/2018 20:20:00] [admin:admin] DEBUG - Query SELECT * FROM OPD LEFT JOIN PATIENT ON OPD_PAT_ID = PAT_ID WHERE OPD_PAT_ID = ?  ORDER BY OPD_DATE DESC (org.isf.utils.db.DbQueryLogger.getDataWithParams(DbQueryLogger.java:62))
[15/Jul/2018 20:20:00] [admin:admin] DEBUG - Query SELECT * FROM OPD LEFT JOIN PATIENT ON OPD_PAT_ID = PAT_ID WHERE OPD_PAT_ID = ?  ORDER BY OPD_DATE DESC (org.isf.utils.db.DbQueryLogger.getDataWithParams(DbQueryLogger.java:62))
[15/Jul/2018 20:20:00] [admin:admin] DEBUG - Query SELECT * FROM OPD LEFT JOIN PATIENT ON OPD_PAT_ID = PAT_ID WHERE OPD_PAT_ID = ?  ORDER BY OPD_DATE DESC (org.isf.utils.db.DbQueryLogger.getDataWithParams(DbQueryLogger.java:62))
[15/Jul/2018 20:20:00] [admin:admin] DEBUG - Query SELECT * FROM PATIENT LEFT JOIN (SELECT PEX_PAT_ID, PEX_HEIGHT AS PAT_HEIGHT, PEX_WEIGHT AS PAT_WEIGHT FROM PATIENTEXAMINATION GROUP BY PEX_PAT_ID ORDER BY PEX_DATE DESC) AS HW ON PAT_ID = HW.PEX_PAT_ID WHERE (PAT_DELETED=\'N\' or PAT_DELETED is null) AND CONCAT(PAT_ID, LOWER(PAT_SNAME), LOWER(PAT_FNAME), LOWER(PAT_NOTE), LOWER(PAT_TAXCODE)) LIKE CONCAT(\'%\', ? , \'%\')  ORDER BY PAT_ID DESC (org.isf.utils.db.DbQueryLogger.getDataWithParams(DbQueryLogger.java:62))
[15/Jul/2018 20:20:00] [admin:admin] DEBUG - Query SELECT * FROM OPD LEFT JOIN PATIENT ON OPD_PAT_ID = PAT_ID WHERE OPD_PAT_ID = ?  ORDER BY OPD_DATE DESC (org.isf.utils.db.DbQueryLogger.getDataWithParams(DbQueryLogger.java:62))
[15/Jul/2018 20:20:00] [admin:admin] DEBUG - Query SELECT * FROM OPD LEFT JOIN PATIENT ON OPD_PAT_ID = PAT_ID WHERE OPD_PAT_ID = ?  ORDER BY OPD_DATE DESC (org.isf.utils.db.DbQueryLogger.getDataWithParams(DbQueryLogger.java:62))
[15/Jul/2018 20:20:06] [admin:admin] DEBUG - Query SELECT * FROM PATIENT LEFT JOIN (SELECT PEX_PAT_ID, PEX_HEIGHT AS PAT_HEIGHT, PEX_WEIGHT AS PAT_WEIGHT FROM PATIENTEXAMINATION GROUP BY PEX_PAT_ID ORDER BY PEX_DATE DESC) AS HW ON PAT_ID = HW.PEX_PAT_ID WHERE (PAT_DELETED=\'N\' or PAT_DELETED is null) AND CONCAT(PAT_ID, LOWER(PAT_SNAME), LOWER(PAT_FNAME), LOWER(PAT_NOTE), LOWER(PAT_TAXCODE)) LIKE CONCAT(\'%\', ? , \'%\')  ORDER BY PAT_ID DESC (org.isf.utils.db.DbQueryLogger.getDataWithParams(DbQueryLogger.java:62))
[15/Jul/2018 20:20:06] [admin:admin] DEBUG - Query SELECT * FROM OPD LEFT JOIN PATIENT ON OPD_PAT_ID = PAT_ID WHERE OPD_PAT_ID = ?  ORDER BY OPD_DATE DESC (org.isf.utils.db.DbQueryLogger.getDataWithParams(DbQueryLogger.java:62))
[15/Jul/2018 20:20:06] [admin:admin] DEBUG - Query SELECT * FROM OPD LEFT JOIN PATIENT ON OPD_PAT_ID = PAT_ID WHERE OPD_PAT_ID = ?  ORDER BY OPD_DATE DESC (org.isf.utils.db.DbQueryLogger.getDataWithParams(DbQueryLogger.java:62))
[15/Jul/2018 20:20:06] [admin:admin] DEBUG - Query SELECT * FROM OPD LEFT JOIN PATIENT ON OPD_PAT_ID = PAT_ID WHERE OPD_PAT_ID = ?  ORDER BY OPD_DATE DESC (org.isf.utils.db.DbQueryLogger.getDataWithParams(DbQueryLogger.java:62))
[15/Jul/2018 20:20:07] [admin:admin] DEBUG - Query SELECT * FROM PATIENT LEFT JOIN (SELECT PEX_PAT_ID, PEX_HEIGHT AS PAT_HEIGHT, PEX_WEIGHT AS PAT_WEIGHT FROM PATIENTEXAMINATION GROUP BY PEX_PAT_ID ORDER BY PEX_DATE DESC) AS HW ON PAT_ID = HW.PEX_PAT_ID WHERE (PAT_DELETED=\'N\' or PAT_DELETED is null) AND CONCAT(PAT_ID, LOWER(PAT_SNAME), LOWER(PAT_FNAME), LOWER(PAT_NOTE), LOWER(PAT_TAXCODE)) LIKE CONCAT(\'%\', ? , \'%\')  ORDER BY PAT_ID DESC (org.isf.utils.db.DbQueryLogger.getDataWithParams(DbQueryLogger.java:62))
[15/Jul/2018 20:20:07] [admin:admin] DEBUG - Query SELECT * FROM OPD LEFT JOIN PATIENT ON OPD_PAT_ID = PAT_ID WHERE OPD_PAT_ID = ?  ORDER BY OPD_DATE DESC (org.isf.utils.db.DbQueryLogger.getDataWithParams(DbQueryLogger.java:62))
[15/Jul/2018 20:20:07] [admin:admin] DEBUG - Query SELECT * FROM OPD LEFT JOIN PATIENT ON OPD_PAT_ID = PAT_ID WHERE OPD_PAT_ID = ?  ORDER BY OPD_DATE DESC (org.isf.utils.db.DbQueryLogger.getDataWithParams(DbQueryLogger.java:62))
[15/Jul/2018 20:20:08] [admin:admin] DEBUG - Query SELECT * FROM PATIENT LEFT JOIN (SELECT PEX_PAT_ID, PEX_HEIGHT AS PAT_HEIGHT, PEX_WEIGHT AS PAT_WEIGHT FROM PATIENTEXAMINATION GROUP BY PEX_PAT_ID ORDER BY PEX_DATE DESC) AS HW ON PAT_ID = HW.PEX_PAT_ID WHERE (PAT_DELETED=\'N\' or PAT_DELETED is null) AND CONCAT(PAT_ID, LOWER(PAT_SNAME), LOWER(PAT_FNAME), LOWER(PAT_NOTE), LOWER(PAT_TAXCODE)) LIKE CONCAT(\'%\', ? , \'%\')  ORDER BY PAT_ID DESC (org.isf.utils.db.DbQueryLogger.getDataWithParams(DbQueryLogger.java:62))
[15/Jul/2018 20:20:08] [admin:admin] DEBUG - Query SELECT * FROM PATIENT LEFT JOIN (SELECT PEX_PAT_ID, PEX_HEIGHT AS PAT_HEIGHT, PEX_WEIGHT AS PAT_WEIGHT FROM PATIENTEXAMINATION GROUP BY PEX_PAT_ID ORDER BY PEX_DATE DESC) AS HW ON PAT_ID = HW.PEX_PAT_ID WHERE (PAT_DELETED=\'N\' or PAT_DELETED is null) AND CONCAT(PAT_ID, LOWER(PAT_SNAME), LOWER(PAT_FNAME), LOWER(PAT_NOTE), LOWER(PAT_TAXCODE)) LIKE CONCAT(\'%\', ? , \'%\')  ORDER BY PAT_ID DESC (org.isf.utils.db.DbQueryLogger.getDataWithParams(DbQueryLogger.java:62))
[15/Jul/2018 20:20:08] [admin:admin] DEBUG - Query SELECT * FROM PATIENT LEFT JOIN (SELECT PEX_PAT_ID, PEX_HEIGHT AS PAT_HEIGHT, PEX_WEIGHT AS PAT_WEIGHT FROM PATIENTEXAMINATION GROUP BY PEX_PAT_ID ORDER BY PEX_DATE DESC) AS HW ON PAT_ID = HW.PEX_PAT_ID WHERE (PAT_DELETED=\'N\' or PAT_DELETED is null) AND CONCAT(PAT_ID, LOWER(PAT_SNAME), LOWER(PAT_FNAME), LOWER(PAT_NOTE), LOWER(PAT_TAXCODE)) LIKE CONCAT(\'%\', ? , \'%\')  ORDER BY PAT_ID DESC (org.isf.utils.db.DbQueryLogger.getDataWithParams(DbQueryLogger.java:62))
[15/Jul/2018 20:20:09] [admin:admin] DEBUG - Query SELECT * FROM PATIENT LEFT JOIN (SELECT PEX_PAT_ID, PEX_HEIGHT AS PAT_HEIGHT, PEX_WEIGHT AS PAT_WEIGHT FROM PATIENTEXAMINATION GROUP BY PEX_PAT_ID ORDER BY PEX_DATE DESC) AS HW ON PAT_ID = HW.PEX_PAT_ID WHERE (PAT_DELETED=\'N\' or PAT_DELETED is null) AND CONCAT(PAT_ID, LOWER(PAT_SNAME), LOWER(PAT_FNAME), LOWER(PAT_NOTE), LOWER(PAT_TAXCODE)) LIKE CONCAT(\'%\', ? , \'%\')  ORDER BY PAT_ID DESC (org.isf.utils.db.DbQueryLogger.getDataWithParams(DbQueryLogger.java:62))
[15/Jul/2018 20:20:11] [admin:admin] DEBUG - Query SELECT * FROM PATIENT LEFT JOIN (SELECT PEX_PAT_ID, PEX_HEIGHT AS PAT_HEIGHT, PEX_WEIGHT AS PAT_WEIGHT FROM PATIENTEXAMINATION GROUP BY PEX_PAT_ID ORDER BY PEX_DATE DESC) AS HW ON PAT_ID = HW.PEX_PAT_ID WHERE (PAT_DELETED=\'N\' or PAT_DELETED is null) AND CONCAT(PAT_ID, LOWER(PAT_SNAME), LOWER(PAT_FNAME), LOWER(PAT_NOTE), LOWER(PAT_TAXCODE)) LIKE CONCAT(\'%\', ? , \'%\')  ORDER BY PAT_ID DESC (org.isf.utils.db.DbQueryLogger.getDataWithParams(DbQueryLogger.java:62))
[15/Jul/2018 20:20:11] [admin:admin] DEBUG - Query SELECT * FROM PATIENT LEFT JOIN (SELECT PEX_PAT_ID, PEX_HEIGHT AS PAT_HEIGHT, PEX_WEIGHT AS PAT_WEIGHT FROM PATIENTEXAMINATION GROUP BY PEX_PAT_ID ORDER BY PEX_DATE DESC) AS HW ON PAT_ID = HW.PEX_PAT_ID WHERE (PAT_DELETED=\'N\' or PAT_DELETED is null) AND CONCAT(PAT_ID, LOWER(PAT_SNAME), LOWER(PAT_FNAME), LOWER(PAT_NOTE), LOWER(PAT_TAXCODE)) LIKE CONCAT(\'%\', ? , \'%\')  ORDER BY PAT_ID DESC (org.isf.utils.db.DbQueryLogger.getDataWithParams(DbQueryLogger.java:62))
[15/Jul/2018 20:20:11] [admin:admin] DEBUG - Query SELECT * FROM PATIENT LEFT JOIN (SELECT PEX_PAT_ID, PEX_HEIGHT AS PAT_HEIGHT, PEX_WEIGHT AS PAT_WEIGHT FROM PATIENTEXAMINATION GROUP BY PEX_PAT_ID ORDER BY PEX_DATE DESC) AS HW ON PAT_ID = HW.PEX_PAT_ID WHERE (PAT_DELETED=\'N\' or PAT_DELETED is null) AND CONCAT(PAT_ID, LOWER(PAT_SNAME), LOWER(PAT_FNAME), LOWER(PAT_NOTE), LOWER(PAT_TAXCODE)) LIKE CONCAT(\'%\', ? , \'%\')  ORDER BY PAT_ID DESC (org.isf.utils.db.DbQueryLogger.getDataWithParams(DbQueryLogger.java:62))
[15/Jul/2018 20:20:11] [admin:admin] DEBUG - Query SELECT * FROM OPD LEFT JOIN PATIENT ON OPD_PAT_ID = PAT_ID WHERE OPD_PAT_ID = ?  ORDER BY OPD_DATE DESC (org.isf.utils.db.DbQueryLogger.getDataWithParams(DbQueryLogger.java:62))
[15/Jul/2018 20:20:11] [admin:admin] DEBUG - Query SELECT * FROM OPD LEFT JOIN PATIENT ON OPD_PAT_ID = PAT_ID WHERE OPD_PAT_ID = ?  ORDER BY OPD_DATE DESC (org.isf.utils.db.DbQueryLogger.getDataWithParams(DbQueryLogger.java:62))
[15/Jul/2018 20:20:17] [admin:admin] DEBUG - Query SELECT * FROM PATIENT LEFT JOIN (SELECT PEX_PAT_ID, PEX_HEIGHT AS PAT_HEIGHT, PEX_WEIGHT AS PAT_WEIGHT FROM PATIENTEXAMINATION GROUP BY PEX_PAT_ID ORDER BY PEX_DATE DESC) AS HW ON PAT_ID = HW.PEX_PAT_ID WHERE (PAT_DELETED=\'N\' or PAT_DELETED is null) AND CONCAT(PAT_ID, LOWER(PAT_SNAME), LOWER(PAT_FNAME), LOWER(PAT_NOTE), LOWER(PAT_TAXCODE)) LIKE CONCAT(\'%\', ? , \'%\')  ORDER BY PAT_ID DESC (org.isf.utils.db.DbQueryLogger.getDataWithParams(DbQueryLogger.java:62))
[15/Jul/2018 20:20:17] [admin:admin] DEBUG - Query SELECT * FROM OPD LEFT JOIN PATIENT ON OPD_PAT_ID = PAT_ID WHERE OPD_PAT_ID = ?  ORDER BY OPD_DATE DESC (org.isf.utils.db.DbQueryLogger.getDataWithParams(DbQueryLogger.java:62))
[15/Jul/2018 20:20:17] [admin:admin] DEBUG - Query SELECT * FROM OPD LEFT JOIN PATIENT ON OPD_PAT_ID = PAT_ID WHERE OPD_PAT_ID = ?  ORDER BY OPD_DATE DESC (org.isf.utils.db.DbQueryLogger.getDataWithParams(DbQueryLogger.java:62))
[15/Jul/2018 20:20:17] [admin:admin] DEBUG - Query SELECT * FROM OPD LEFT JOIN PATIENT ON OPD_PAT_ID = PAT_ID WHERE OPD_PAT_ID = ?  ORDER BY OPD_DATE DESC (org.isf.utils.db.DbQueryLogger.getDataWithParams(DbQueryLogger.java:62))
[15/Jul/2018 20:20:19] [admin:admin] DEBUG - Query SELECT * FROM PATIENT LEFT JOIN (SELECT PEX_PAT_ID, PEX_HEIGHT AS PAT_HEIGHT, PEX_WEIGHT AS PAT_WEIGHT FROM PATIENTEXAMINATION GROUP BY PEX_PAT_ID ORDER BY PEX_DATE DESC) AS HW ON PAT_ID = HW.PEX_PAT_ID WHERE (PAT_DELETED=\'N\' or PAT_DELETED is null) AND CONCAT(PAT_ID, LOWER(PAT_SNAME), LOWER(PAT_FNAME), LOWER(PAT_NOTE), LOWER(PAT_TAXCODE)) LIKE CONCAT(\'%\', ? , \'%\')  ORDER BY PAT_ID DESC (org.isf.utils.db.DbQueryLogger.getDataWithParams(DbQueryLogger.java:62))
[15/Jul/2018 20:20:19] [admin:admin] DEBUG - Query SELECT * FROM OPD LEFT JOIN PATIENT ON OPD_PAT_ID = PAT_ID WHERE OPD_PAT_ID = ?  ORDER BY OPD_DATE DESC (org.isf.utils.db.DbQueryLogger.getDataWithParams(DbQueryLogger.java:62))
[15/Jul/2018 20:20:19] [admin:admin] DEBUG - Query SELECT * FROM OPD LEFT JOIN PATIENT ON OPD_PAT_ID = PAT_ID WHERE OPD_PAT_ID = ?  ORDER BY OPD_DATE DESC (org.isf.utils.db.DbQueryLogger.getDataWithParams(DbQueryLogger.java:62))
[15/Jul/2018 20:20:21] [admin:admin] DEBUG - Query SELECT * FROM PATIENT LEFT JOIN (SELECT PEX_PAT_ID, PEX_HEIGHT AS PAT_HEIGHT, PEX_WEIGHT AS PAT_WEIGHT FROM PATIENTEXAMINATION GROUP BY PEX_PAT_ID ORDER BY PEX_DATE DESC) AS HW ON PAT_ID = HW.PEX_PAT_ID WHERE (PAT_DELETED=\'N\' or PAT_DELETED is null) AND CONCAT(PAT_ID, LOWER(PAT_SNAME), LOWER(PAT_FNAME), LOWER(PAT_NOTE), LOWER(PAT_TAXCODE)) LIKE CONCAT(\'%\', ? , \'%\')  ORDER BY PAT_ID DESC (org.isf.utils.db.DbQueryLogger.getDataWithParams(DbQueryLogger.java:62))
[15/Jul/2018 20:20:21] [admin:admin] DEBUG - Query SELECT * FROM OPD LEFT JOIN PATIENT ON OPD_PAT_ID = PAT_ID WHERE OPD_PAT_ID = ?  ORDER BY OPD_DATE DESC (org.isf.utils.db.DbQueryLogger.getDataWithParams(DbQueryLogger.java:62))
[15/Jul/2018 20:20:21] [admin:admin] DEBUG - Query SELECT * FROM OPD LEFT JOIN PATIENT ON OPD_PAT_ID = PAT_ID WHERE OPD_PAT_ID = ?  ORDER BY OPD_DATE DESC (org.isf.utils.db.DbQueryLogger.getDataWithParams(DbQueryLogger.java:62))
[15/Jul/2018 20:20:21] [admin:admin] DEBUG - Query SELECT * FROM OPD LEFT JOIN PATIENT ON OPD_PAT_ID = PAT_ID WHERE OPD_PAT_ID = ?  ORDER BY OPD_DATE DESC (org.isf.utils.db.DbQueryLogger.getDataWithParams(DbQueryLogger.java:62))
[15/Jul/2018 20:20:23] [admin:admin] DEBUG - Query SELECT * FROM PATIENT LEFT JOIN (SELECT PEX_PAT_ID, PEX_HEIGHT AS PAT_HEIGHT, PEX_WEIGHT AS PAT_WEIGHT FROM PATIENTEXAMINATION GROUP BY PEX_PAT_ID ORDER BY PEX_DATE DESC) AS HW ON PAT_ID = HW.PEX_PAT_ID WHERE (PAT_DELETED=\'N\' or PAT_DELETED is null) AND CONCAT(PAT_ID, LOWER(PAT_SNAME), LOWER(PAT_FNAME), LOWER(PAT_NOTE), LOWER(PAT_TAXCODE)) LIKE CONCAT(\'%\', ? , \'%\')  ORDER BY PAT_ID DESC (org.isf.utils.db.DbQueryLogger.getDataWithParams(DbQueryLogger.java:62))
[15/Jul/2018 20:20:23] [admin:admin] DEBUG - Query SELECT * FROM OPD LEFT JOIN PATIENT ON OPD_PAT_ID = PAT_ID WHERE OPD_PAT_ID = ?  ORDER BY OPD_DATE DESC (org.isf.utils.db.DbQueryLogger.getDataWithParams(DbQueryLogger.java:62))
[15/Jul/2018 20:20:23] [admin:admin] DEBUG - Query SELECT * FROM OPD LEFT JOIN PATIENT ON OPD_PAT_ID = PAT_ID WHERE OPD_PAT_ID = ?  ORDER BY OPD_DATE DESC (org.isf.utils.db.DbQueryLogger.getDataWithParams(DbQueryLogger.java:62))
[15/Jul/2018 20:20:24] [admin:admin] DEBUG - Query SELECT * FROM PATIENT LEFT JOIN (SELECT PEX_PAT_ID, PEX_HEIGHT AS PAT_HEIGHT, PEX_WEIGHT AS PAT_WEIGHT FROM PATIENTEXAMINATION GROUP BY PEX_PAT_ID ORDER BY PEX_DATE DESC) AS HW ON PAT_ID = HW.PEX_PAT_ID WHERE (PAT_DELETED=\'N\' or PAT_DELETED is null) AND CONCAT(PAT_ID, LOWER(PAT_SNAME), LOWER(PAT_FNAME), LOWER(PAT_NOTE), LOWER(PAT_TAXCODE)) LIKE CONCAT(\'%\', ? , \'%\')  ORDER BY PAT_ID DESC (org.isf.utils.db.DbQueryLogger.getDataWithParams(DbQueryLogger.java:62))
[15/Jul/2018 20:20:24] [admin:admin] DEBUG - Query SELECT * FROM OPD LEFT JOIN PATIENT ON OPD_PAT_ID = PAT_ID WHERE OPD_PAT_ID = ?  ORDER BY OPD_DATE DESC (org.isf.utils.db.DbQueryLogger.getDataWithParams(DbQueryLogger.java:62))
[15/Jul/2018 20:20:24] [admin:admin] DEBUG - Query SELECT * FROM OPD LEFT JOIN PATIENT ON OPD_PAT_ID = PAT_ID WHERE OPD_PAT_ID = ?  ORDER BY OPD_DATE DESC (org.isf.utils.db.DbQueryLogger.getDataWithParams(DbQueryLogger.java:62))
[15/Jul/2018 20:20:24] [admin:admin] DEBUG - Query SELECT * FROM OPD LEFT JOIN PATIENT ON OPD_PAT_ID = PAT_ID WHERE OPD_PAT_ID = ?  ORDER BY OPD_DATE DESC (org.isf.utils.db.DbQueryLogger.getDataWithParams(DbQueryLogger.java:62))
[15/Jul/2018 20:20:25] [admin:admin] DEBUG - Query SELECT * FROM PATIENT LEFT JOIN (SELECT PEX_PAT_ID, PEX_HEIGHT AS PAT_HEIGHT, PEX_WEIGHT AS PAT_WEIGHT FROM PATIENTEXAMINATION GROUP BY PEX_PAT_ID ORDER BY PEX_DATE DESC) AS HW ON PAT_ID = HW.PEX_PAT_ID WHERE (PAT_DELETED=\'N\' or PAT_DELETED is null) AND CONCAT(PAT_ID, LOWER(PAT_SNAME), LOWER(PAT_FNAME), LOWER(PAT_NOTE), LOWER(PAT_TAXCODE)) LIKE CONCAT(\'%\', ? , \'%\')  ORDER BY PAT_ID DESC (org.isf.utils.db.DbQueryLogger.getDataWithParams(DbQueryLogger.java:62))
[15/Jul/2018 20:20:25] [admin:admin] DEBUG - Query SELECT * FROM OPD LEFT JOIN PATIENT ON OPD_PAT_ID = PAT_ID WHERE OPD_PAT_ID = ?  ORDER BY OPD_DATE DESC (org.isf.utils.db.DbQueryLogger.getDataWithParams(DbQueryLogger.java:62))
[15/Jul/2018 20:20:25] [admin:admin] DEBUG - Query SELECT * FROM OPD LEFT JOIN PATIENT ON OPD_PAT_ID = PAT_ID WHERE OPD_PAT_ID = ?  ORDER BY OPD_DATE DESC (org.isf.utils.db.DbQueryLogger.getDataWithParams(DbQueryLogger.java:62))
[15/Jul/2018 20:20:26] [admin:admin] DEBUG - Query SELECT * FROM OPD LEFT JOIN PATIENT ON OPD_PAT_ID = PAT_ID WHERE OPD_PAT_ID = ?  ORDER BY OPD_DATE DESC (org.isf.utils.db.DbQueryLogger.getDataWithParams(DbQueryLogger.java:62))
[15/Jul/2018 20:20:26] [admin:admin] DEBUG - Query SELECT * FROM PATIENT LEFT JOIN (SELECT PEX_PAT_ID, PEX_HEIGHT AS PAT_HEIGHT, PEX_WEIGHT AS PAT_WEIGHT FROM PATIENTEXAMINATION GROUP BY PEX_PAT_ID ORDER BY PEX_DATE DESC) AS HW ON PAT_ID = HW.PEX_PAT_ID WHERE (PAT_DELETED=\'N\' or PAT_DELETED is null) AND CONCAT(PAT_ID, LOWER(PAT_SNAME), LOWER(PAT_FNAME), LOWER(PAT_NOTE), LOWER(PAT_TAXCODE)) LIKE CONCAT(\'%\', ? , \'%\')  ORDER BY PAT_ID DESC (org.isf.utils.db.DbQueryLogger.getDataWithParams(DbQueryLogger.java:62))
[15/Jul/2018 20:20:26] [admin:admin] DEBUG - Query SELECT * FROM OPD LEFT JOIN PATIENT ON OPD_PAT_ID = PAT_ID WHERE OPD_PAT_ID = ?  ORDER BY OPD_DATE DESC (org.isf.utils.db.DbQueryLogger.getDataWithParams(DbQueryLogger.java:62))
[15/Jul/2018 20:20:26] [admin:admin] DEBUG - Query SELECT * FROM OPD LEFT JOIN PATIENT ON OPD_PAT_ID = PAT_ID WHERE OPD_PAT_ID = ?  ORDER BY OPD_DATE DESC (org.isf.utils.db.DbQueryLogger.getDataWithParams(DbQueryLogger.java:62))
[15/Jul/2018 20:20:26] [admin:admin] DEBUG - Query SELECT * FROM OPD LEFT JOIN PATIENT ON OPD_PAT_ID = PAT_ID WHERE OPD_PAT_ID = ?  ORDER BY OPD_DATE DESC (org.isf.utils.db.DbQueryLogger.getDataWithParams(DbQueryLogger.java:62))
[15/Jul/2018 20:20:27] [admin:admin] DEBUG - Query SELECT * FROM PATIENT LEFT JOIN (SELECT PEX_PAT_ID, PEX_HEIGHT AS PAT_HEIGHT, PEX_WEIGHT AS PAT_WEIGHT FROM PATIENTEXAMINATION GROUP BY PEX_PAT_ID ORDER BY PEX_DATE DESC) AS HW ON PAT_ID = HW.PEX_PAT_ID WHERE (PAT_DELETED=\'N\' or PAT_DELETED is null) AND CONCAT(PAT_ID, LOWER(PAT_SNAME), LOWER(PAT_FNAME), LOWER(PAT_NOTE), LOWER(PAT_TAXCODE)) LIKE CONCAT(\'%\', ? , \'%\')  ORDER BY PAT_ID DESC (org.isf.utils.db.DbQueryLogger.getDataWithParams(DbQueryLogger.java:62))
[15/Jul/2018 20:20:27] [admin:admin] DEBUG - Query SELECT * FROM OPD LEFT JOIN PATIENT ON OPD_PAT_ID = PAT_ID WHERE OPD_PAT_ID = ?  ORDER BY OPD_DATE DESC (org.isf.utils.db.DbQueryLogger.getDataWithParams(DbQueryLogger.java:62))
[15/Jul/2018 20:20:27] [admin:admin] DEBUG - Query SELECT * FROM OPD LEFT JOIN PATIENT ON OPD_PAT_ID = PAT_ID WHERE OPD_PAT_ID = ?  ORDER BY OPD_DATE DESC (org.isf.utils.db.DbQueryLogger.getDataWithParams(DbQueryLogger.java:62))
[15/Jul/2018 20:20:27] [admin:admin] DEBUG - Query SELECT * FROM OPD LEFT JOIN PATIENT ON OPD_PAT_ID = PAT_ID WHERE OPD_PAT_ID = ?  ORDER BY OPD_DATE DESC (org.isf.utils.db.DbQueryLogger.getDataWithParams(DbQueryLogger.java:62))
[15/Jul/2018 20:20:27] [admin:admin] DEBUG - Query SELECT * FROM PATIENT LEFT JOIN (SELECT PEX_PAT_ID, PEX_HEIGHT AS PAT_HEIGHT, PEX_WEIGHT AS PAT_WEIGHT FROM PATIENTEXAMINATION GROUP BY PEX_PAT_ID ORDER BY PEX_DATE DESC) AS HW ON PAT_ID = HW.PEX_PAT_ID WHERE (PAT_DELETED=\'N\' or PAT_DELETED is null) AND CONCAT(PAT_ID, LOWER(PAT_SNAME), LOWER(PAT_FNAME), LOWER(PAT_NOTE), LOWER(PAT_TAXCODE)) LIKE CONCAT(\'%\', ? , \'%\')  ORDER BY PAT_ID DESC (org.isf.utils.db.DbQueryLogger.getDataWithParams(DbQueryLogger.java:62))
[15/Jul/2018 20:20:27] [admin:admin] DEBUG - Query SELECT * FROM OPD LEFT JOIN PATIENT ON OPD_PAT_ID = PAT_ID WHERE OPD_PAT_ID = ?  ORDER BY OPD_DATE DESC (org.isf.utils.db.DbQueryLogger.getDataWithParams(DbQueryLogger.java:62))
[15/Jul/2018 20:20:27] [admin:admin] DEBUG - Query SELECT * FROM OPD LEFT JOIN PATIENT ON OPD_PAT_ID = PAT_ID WHERE OPD_PAT_ID = ?  ORDER BY OPD_DATE DESC (org.isf.utils.db.DbQueryLogger.getDataWithParams(DbQueryLogger.java:62))
[15/Jul/2018 20:20:27] [admin:admin] DEBUG - Query SELECT * FROM OPD LEFT JOIN PATIENT ON OPD_PAT_ID = PAT_ID WHERE OPD_PAT_ID = ?  ORDER BY OPD_DATE DESC (org.isf.utils.db.DbQueryLogger.getDataWithParams(DbQueryLogger.java:62))
[15/Jul/2018 20:20:27] [admin:admin] DEBUG - Query SELECT * FROM PATIENT LEFT JOIN (SELECT PEX_PAT_ID, PEX_HEIGHT AS PAT_HEIGHT, PEX_WEIGHT AS PAT_WEIGHT FROM PATIENTEXAMINATION GROUP BY PEX_PAT_ID ORDER BY PEX_DATE DESC) AS HW ON PAT_ID = HW.PEX_PAT_ID WHERE (PAT_DELETED=\'N\' or PAT_DELETED is null) AND CONCAT(PAT_ID, LOWER(PAT_SNAME), LOWER(PAT_FNAME), LOWER(PAT_NOTE), LOWER(PAT_TAXCODE)) LIKE CONCAT(\'%\', ? , \'%\')  ORDER BY PAT_ID DESC (org.isf.utils.db.DbQueryLogger.getDataWithParams(DbQueryLogger.java:62))
[15/Jul/2018 20:20:27] [admin:admin] DEBUG - Query SELECT * FROM OPD LEFT JOIN PATIENT ON OPD_PAT_ID = PAT_ID WHERE OPD_PAT_ID = ?  ORDER BY OPD_DATE DESC (org.isf.utils.db.DbQueryLogger.getDataWithParams(DbQueryLogger.java:62))
[15/Jul/2018 20:20:27] [admin:admin] DEBUG - Query SELECT * FROM OPD LEFT JOIN PATIENT ON OPD_PAT_ID = PAT_ID WHERE OPD_PAT_ID = ?  ORDER BY OPD_DATE DESC (org.isf.utils.db.DbQueryLogger.getDataWithParams(DbQueryLogger.java:62))
[15/Jul/2018 20:20:27] [admin:admin] DEBUG - Query SELECT * FROM OPD LEFT JOIN PATIENT ON OPD_PAT_ID = PAT_ID WHERE OPD_PAT_ID = ?  ORDER BY OPD_DATE DESC (org.isf.utils.db.DbQueryLogger.getDataWithParams(DbQueryLogger.java:62))
[15/Jul/2018 20:20:27] [admin:admin] DEBUG - Query SELECT * FROM PATIENT LEFT JOIN (SELECT PEX_PAT_ID, PEX_HEIGHT AS PAT_HEIGHT, PEX_WEIGHT AS PAT_WEIGHT FROM PATIENTEXAMINATION GROUP BY PEX_PAT_ID ORDER BY PEX_DATE DESC) AS HW ON PAT_ID = HW.PEX_PAT_ID WHERE (PAT_DELETED=\'N\' or PAT_DELETED is null) AND CONCAT(PAT_ID, LOWER(PAT_SNAME), LOWER(PAT_FNAME), LOWER(PAT_NOTE), LOWER(PAT_TAXCODE)) LIKE CONCAT(\'%\', ? , \'%\')  ORDER BY PAT_ID DESC (org.isf.utils.db.DbQueryLogger.getDataWithParams(DbQueryLogger.java:62))
[15/Jul/2018 20:20:27] [admin:admin] DEBUG - Query SELECT * FROM OPD LEFT JOIN PATIENT ON OPD_PAT_ID = PAT_ID WHERE OPD_PAT_ID = ?  ORDER BY OPD_DATE DESC (org.isf.utils.db.DbQueryLogger.getDataWithParams(DbQueryLogger.java:62))
[15/Jul/2018 20:20:27] [admin:admin] DEBUG - Query SELECT * FROM OPD LEFT JOIN PATIENT ON OPD_PAT_ID = PAT_ID WHERE OPD_PAT_ID = ?  ORDER BY OPD_DATE DESC (org.isf.utils.db.DbQueryLogger.getDataWithParams(DbQueryLogger.java:62))
[15/Jul/2018 20:20:27] [admin:admin] DEBUG - Query SELECT * FROM OPD LEFT JOIN PATIENT ON OPD_PAT_ID = PAT_ID WHERE OPD_PAT_ID = ?  ORDER BY OPD_DATE DESC (org.isf.utils.db.DbQueryLogger.getDataWithParams(DbQueryLogger.java:62))
[15/Jul/2018 20:20:28] [admin:admin] DEBUG - Query SELECT * FROM PATIENT LEFT JOIN (SELECT PEX_PAT_ID, PEX_HEIGHT AS PAT_HEIGHT, PEX_WEIGHT AS PAT_WEIGHT FROM PATIENTEXAMINATION GROUP BY PEX_PAT_ID ORDER BY PEX_DATE DESC) AS HW ON PAT_ID = HW.PEX_PAT_ID WHERE (PAT_DELETED=\'N\' or PAT_DELETED is null) AND CONCAT(PAT_ID, LOWER(PAT_SNAME), LOWER(PAT_FNAME), LOWER(PAT_NOTE), LOWER(PAT_TAXCODE)) LIKE CONCAT(\'%\', ? , \'%\')  ORDER BY PAT_ID DESC (org.isf.utils.db.DbQueryLogger.getDataWithParams(DbQueryLogger.java:62))
[15/Jul/2018 20:20:28] [admin:admin] DEBUG - Query SELECT * FROM OPD LEFT JOIN PATIENT ON OPD_PAT_ID = PAT_ID WHERE OPD_PAT_ID = ?  ORDER BY OPD_DATE DESC (org.isf.utils.db.DbQueryLogger.getDataWithParams(DbQueryLogger.java:62))
[15/Jul/2018 20:20:28] [admin:admin] DEBUG - Query SELECT * FROM OPD LEFT JOIN PATIENT ON OPD_PAT_ID = PAT_ID WHERE OPD_PAT_ID = ?  ORDER BY OPD_DATE DESC (org.isf.utils.db.DbQueryLogger.getDataWithParams(DbQueryLogger.java:62))
[15/Jul/2018 20:20:28] [admin:admin] DEBUG - Query SELECT * FROM OPD LEFT JOIN PATIENT ON OPD_PAT_ID = PAT_ID WHERE OPD_PAT_ID = ?  ORDER BY OPD_DATE DESC (org.isf.utils.db.DbQueryLogger.getDataWithParams(DbQueryLogger.java:62))
[15/Jul/2018 20:20:28] [admin:admin] DEBUG - Query SELECT * FROM PATIENT LEFT JOIN (SELECT PEX_PAT_ID, PEX_HEIGHT AS PAT_HEIGHT, PEX_WEIGHT AS PAT_WEIGHT FROM PATIENTEXAMINATION GROUP BY PEX_PAT_ID ORDER BY PEX_DATE DESC) AS HW ON PAT_ID = HW.PEX_PAT_ID WHERE (PAT_DELETED=\'N\' or PAT_DELETED is null) AND CONCAT(PAT_ID, LOWER(PAT_SNAME), LOWER(PAT_FNAME), LOWER(PAT_NOTE), LOWER(PAT_TAXCODE)) LIKE CONCAT(\'%\', ? , \'%\')  ORDER BY PAT_ID DESC (org.isf.utils.db.DbQueryLogger.getDataWithParams(DbQueryLogger.java:62))
[15/Jul/2018 20:20:28] [admin:admin] DEBUG - Query SELECT * FROM OPD LEFT JOIN PATIENT ON OPD_PAT_ID = PAT_ID WHERE OPD_PAT_ID = ?  ORDER BY OPD_DATE DESC (org.isf.utils.db.DbQueryLogger.getDataWithParams(DbQueryLogger.java:62))
[15/Jul/2018 20:20:28] [admin:admin] DEBUG - Query SELECT * FROM OPD LEFT JOIN PATIENT ON OPD_PAT_ID = PAT_ID WHERE OPD_PAT_ID = ?  ORDER BY OPD_DATE DESC (org.isf.utils.db.DbQueryLogger.getDataWithParams(DbQueryLogger.java:62))
[15/Jul/2018 20:20:28] [admin:admin] DEBUG - Query SELECT * FROM OPD LEFT JOIN PATIENT ON OPD_PAT_ID = PAT_ID WHERE OPD_PAT_ID = ?  ORDER BY OPD_DATE DESC (org.isf.utils.db.DbQueryLogger.getDataWithParams(DbQueryLogger.java:62))
[15/Jul/2018 20:20:29] [admin:admin] DEBUG - Query SELECT * FROM PATIENT LEFT JOIN (SELECT PEX_PAT_ID, PEX_HEIGHT AS PAT_HEIGHT, PEX_WEIGHT AS PAT_WEIGHT FROM PATIENTEXAMINATION GROUP BY PEX_PAT_ID ORDER BY PEX_DATE DESC) AS HW ON PAT_ID = HW.PEX_PAT_ID WHERE (PAT_DELETED=\'N\' or PAT_DELETED is null) AND CONCAT(PAT_ID, LOWER(PAT_SNAME), LOWER(PAT_FNAME), LOWER(PAT_NOTE), LOWER(PAT_TAXCODE)) LIKE CONCAT(\'%\', ? , \'%\')  ORDER BY PAT_ID DESC (org.isf.utils.db.DbQueryLogger.getDataWithParams(DbQueryLogger.java:62))
[15/Jul/2018 20:20:29] [admin:admin] DEBUG - Query SELECT * FROM OPD LEFT JOIN PATIENT ON OPD_PAT_ID = PAT_ID WHERE OPD_PAT_ID = ?  ORDER BY OPD_DATE DESC (org.isf.utils.db.DbQueryLogger.getDataWithParams(DbQueryLogger.java:62))
[15/Jul/2018 20:20:29] [admin:admin] DEBUG - Query SELECT * FROM OPD LEFT JOIN PATIENT ON OPD_PAT_ID = PAT_ID WHERE OPD_PAT_ID = ?  ORDER BY OPD_DATE DESC (org.isf.utils.db.DbQueryLogger.getDataWithParams(DbQueryLogger.java:62))
[15/Jul/2018 20:20:29] [admin:admin] DEBUG - Query SELECT * FROM OPD LEFT JOIN PATIENT ON OPD_PAT_ID = PAT_ID WHERE OPD_PAT_ID = ?  ORDER BY OPD_DATE DESC (org.isf.utils.db.DbQueryLogger.getDataWithParams(DbQueryLogger.java:62))
[15/Jul/2018 20:20:29] [admin:admin] DEBUG - Query SELECT * FROM PATIENT LEFT JOIN (SELECT PEX_PAT_ID, PEX_HEIGHT AS PAT_HEIGHT, PEX_WEIGHT AS PAT_WEIGHT FROM PATIENTEXAMINATION GROUP BY PEX_PAT_ID ORDER BY PEX_DATE DESC) AS HW ON PAT_ID = HW.PEX_PAT_ID WHERE (PAT_DELETED=\'N\' or PAT_DELETED is null) AND CONCAT(PAT_ID, LOWER(PAT_SNAME), LOWER(PAT_FNAME), LOWER(PAT_NOTE), LOWER(PAT_TAXCODE)) LIKE CONCAT(\'%\', ? , \'%\')  ORDER BY PAT_ID DESC (org.isf.utils.db.DbQueryLogger.getDataWithParams(DbQueryLogger.java:62))
[15/Jul/2018 20:20:29] [admin:admin] DEBUG - Query SELECT * FROM OPD LEFT JOIN PATIENT ON OPD_PAT_ID = PAT_ID WHERE OPD_PAT_ID = ?  ORDER BY OPD_DATE DESC (org.isf.utils.db.DbQueryLogger.getDataWithParams(DbQueryLogger.java:62))
[15/Jul/2018 20:20:29] [admin:admin] DEBUG - Query SELECT * FROM OPD LEFT JOIN PATIENT ON OPD_PAT_ID = PAT_ID WHERE OPD_PAT_ID = ?  ORDER BY OPD_DATE DESC (org.isf.utils.db.DbQueryLogger.getDataWithParams(DbQueryLogger.java:62))
[15/Jul/2018 20:20:29] [admin:admin] DEBUG - Query SELECT * FROM OPD LEFT JOIN PATIENT ON OPD_PAT_ID = PAT_ID WHERE OPD_PAT_ID = ?  ORDER BY OPD_DATE DESC (org.isf.utils.db.DbQueryLogger.getDataWithParams(DbQueryLogger.java:62))
[15/Jul/2018 20:20:29] [admin:admin] DEBUG - Query SELECT * FROM PATIENT LEFT JOIN (SELECT PEX_PAT_ID, PEX_HEIGHT AS PAT_HEIGHT, PEX_WEIGHT AS PAT_WEIGHT FROM PATIENTEXAMINATION GROUP BY PEX_PAT_ID ORDER BY PEX_DATE DESC) AS HW ON PAT_ID = HW.PEX_PAT_ID WHERE (PAT_DELETED=\'N\' or PAT_DELETED is null) AND CONCAT(PAT_ID, LOWER(PAT_SNAME), LOWER(PAT_FNAME), LOWER(PAT_NOTE), LOWER(PAT_TAXCODE)) LIKE CONCAT(\'%\', ? , \'%\')  ORDER BY PAT_ID DESC (org.isf.utils.db.DbQueryLogger.getDataWithParams(DbQueryLogger.java:62))
[15/Jul/2018 20:20:29] [admin:admin] DEBUG - Query SELECT * FROM OPD LEFT JOIN PATIENT ON OPD_PAT_ID = PAT_ID WHERE OPD_PAT_ID = ?  ORDER BY OPD_DATE DESC (org.isf.utils.db.DbQueryLogger.getDataWithParams(DbQueryLogger.java:62))
[15/Jul/2018 20:20:29] [admin:admin] DEBUG - Query SELECT * FROM OPD LEFT JOIN PATIENT ON OPD_PAT_ID = PAT_ID WHERE OPD_PAT_ID = ?  ORDER BY OPD_DATE DESC (org.isf.utils.db.DbQueryLogger.getDataWithParams(DbQueryLogger.java:62))
[15/Jul/2018 20:20:29] [admin:admin] DEBUG - Query SELECT * FROM OPD LEFT JOIN PATIENT ON OPD_PAT_ID = PAT_ID WHERE OPD_PAT_ID = ?  ORDER BY OPD_DATE DESC (org.isf.utils.db.DbQueryLogger.getDataWithParams(DbQueryLogger.java:62))
[15/Jul/2018 20:20:29] [admin:admin] DEBUG - Query SELECT * FROM PATIENT LEFT JOIN (SELECT PEX_PAT_ID, PEX_HEIGHT AS PAT_HEIGHT, PEX_WEIGHT AS PAT_WEIGHT FROM PATIENTEXAMINATION GROUP BY PEX_PAT_ID ORDER BY PEX_DATE DESC) AS HW ON PAT_ID = HW.PEX_PAT_ID WHERE (PAT_DELETED=\'N\' or PAT_DELETED is null) AND CONCAT(PAT_ID, LOWER(PAT_SNAME), LOWER(PAT_FNAME), LOWER(PAT_NOTE), LOWER(PAT_TAXCODE)) LIKE CONCAT(\'%\', ? , \'%\')  ORDER BY PAT_ID DESC (org.isf.utils.db.DbQueryLogger.getDataWithParams(DbQueryLogger.java:62))
[15/Jul/2018 20:20:29] [admin:admin] DEBUG - Query SELECT * FROM OPD LEFT JOIN PATIENT ON OPD_PAT_ID = PAT_ID WHERE OPD_PAT_ID = ?  ORDER BY OPD_DATE DESC (org.isf.utils.db.DbQueryLogger.getDataWithParams(DbQueryLogger.java:62))
[15/Jul/2018 20:20:29] [admin:admin] DEBUG - Query SELECT * FROM OPD LEFT JOIN PATIENT ON OPD_PAT_ID = PAT_ID WHERE OPD_PAT_ID = ?  ORDER BY OPD_DATE DESC (org.isf.utils.db.DbQueryLogger.getDataWithParams(DbQueryLogger.java:62))
[15/Jul/2018 20:20:29] [admin:admin] DEBUG - Query SELECT * FROM OPD LEFT JOIN PATIENT ON OPD_PAT_ID = PAT_ID WHERE OPD_PAT_ID = ?  ORDER BY OPD_DATE DESC (org.isf.utils.db.DbQueryLogger.getDataWithParams(DbQueryLogger.java:62))
[15/Jul/2018 20:20:30] [admin:admin] DEBUG - Query SELECT * FROM PATIENT LEFT JOIN (SELECT PEX_PAT_ID, PEX_HEIGHT AS PAT_HEIGHT, PEX_WEIGHT AS PAT_WEIGHT FROM PATIENTEXAMINATION GROUP BY PEX_PAT_ID ORDER BY PEX_DATE DESC) AS HW ON PAT_ID = HW.PEX_PAT_ID WHERE (PAT_DELETED=\'N\' or PAT_DELETED is null) AND CONCAT(PAT_ID, LOWER(PAT_SNAME), LOWER(PAT_FNAME), LOWER(PAT_NOTE), LOWER(PAT_TAXCODE)) LIKE CONCAT(\'%\', ? , \'%\')  ORDER BY PAT_ID DESC (org.isf.utils.db.DbQueryLogger.getDataWithParams(DbQueryLogger.java:62))
[15/Jul/2018 20:20:30] [admin:admin] DEBUG - Query SELECT * FROM OPD LEFT JOIN PATIENT ON OPD_PAT_ID = PAT_ID WHERE OPD_PAT_ID = ?  ORDER BY OPD_DATE DESC (org.isf.utils.db.DbQueryLogger.getDataWithParams(DbQueryLogger.java:62))
[15/Jul/2018 20:20:30] [admin:admin] DEBUG - Query SELECT * FROM OPD LEFT JOIN PATIENT ON OPD_PAT_ID = PAT_ID WHERE OPD_PAT_ID = ?  ORDER BY OPD_DATE DESC (org.isf.utils.db.DbQueryLogger.getDataWithParams(DbQueryLogger.java:62))
[15/Jul/2018 20:20:30] [admin:admin] DEBUG - Query SELECT * FROM OPD LEFT JOIN PATIENT ON OPD_PAT_ID = PAT_ID WHERE OPD_PAT_ID = ?  ORDER BY OPD_DATE DESC (org.isf.utils.db.DbQueryLogger.getDataWithParams(DbQueryLogger.java:62))
[15/Jul/2018 20:20:30] [admin:admin] DEBUG - Query SELECT * FROM PATIENT LEFT JOIN (SELECT PEX_PAT_ID, PEX_HEIGHT AS PAT_HEIGHT, PEX_WEIGHT AS PAT_WEIGHT FROM PATIENTEXAMINATION GROUP BY PEX_PAT_ID ORDER BY PEX_DATE DESC) AS HW ON PAT_ID = HW.PEX_PAT_ID WHERE (PAT_DELETED=\'N\' or PAT_DELETED is null) AND CONCAT(PAT_ID, LOWER(PAT_SNAME), LOWER(PAT_FNAME), LOWER(PAT_NOTE), LOWER(PAT_TAXCODE)) LIKE CONCAT(\'%\', ? , \'%\')  ORDER BY PAT_ID DESC (org.isf.utils.db.DbQueryLogger.getDataWithParams(DbQueryLogger.java:62))
[15/Jul/2018 20:20:30] [admin:admin] DEBUG - Query SELECT * FROM OPD LEFT JOIN PATIENT ON OPD_PAT_ID = PAT_ID WHERE OPD_PAT_ID = ?  ORDER BY OPD_DATE DESC (org.isf.utils.db.DbQueryLogger.getDataWithParams(DbQueryLogger.java:62))
[15/Jul/2018 20:20:30] [admin:admin] DEBUG - Query SELECT * FROM OPD LEFT JOIN PATIENT ON OPD_PAT_ID = PAT_ID WHERE OPD_PAT_ID = ?  ORDER BY OPD_DATE DESC (org.isf.utils.db.DbQueryLogger.getDataWithParams(DbQueryLogger.java:62))
[15/Jul/2018 20:20:30] [admin:admin] DEBUG - Query SELECT * FROM OPD LEFT JOIN PATIENT ON OPD_PAT_ID = PAT_ID WHERE OPD_PAT_ID = ?  ORDER BY OPD_DATE DESC (org.isf.utils.db.DbQueryLogger.getDataWithParams(DbQueryLogger.java:62))
[15/Jul/2018 20:20:30] [admin:admin] DEBUG - Query SELECT * FROM PATIENT LEFT JOIN (SELECT PEX_PAT_ID, PEX_HEIGHT AS PAT_HEIGHT, PEX_WEIGHT AS PAT_WEIGHT FROM PATIENTEXAMINATION GROUP BY PEX_PAT_ID ORDER BY PEX_DATE DESC) AS HW ON PAT_ID = HW.PEX_PAT_ID WHERE (PAT_DELETED=\'N\' or PAT_DELETED is null) AND CONCAT(PAT_ID, LOWER(PAT_SNAME), LOWER(PAT_FNAME), LOWER(PAT_NOTE), LOWER(PAT_TAXCODE)) LIKE CONCAT(\'%\', ? , \'%\')  ORDER BY PAT_ID DESC (org.isf.utils.db.DbQueryLogger.getDataWithParams(DbQueryLogger.java:62))
[15/Jul/2018 20:20:30] [admin:admin] DEBUG - Query SELECT * FROM OPD LEFT JOIN PATIENT ON OPD_PAT_ID = PAT_ID WHERE OPD_PAT_ID = ?  ORDER BY OPD_DATE DESC (org.isf.utils.db.DbQueryLogger.getDataWithParams(DbQueryLogger.java:62))
[15/Jul/2018 20:20:30] [admin:admin] DEBUG - Query SELECT * FROM OPD LEFT JOIN PATIENT ON OPD_PAT_ID = PAT_ID WHERE OPD_PAT_ID = ?  ORDER BY OPD_DATE DESC (org.isf.utils.db.DbQueryLogger.getDataWithParams(DbQueryLogger.java:62))
[15/Jul/2018 20:20:30] [admin:admin] DEBUG - Query SELECT * FROM OPD LEFT JOIN PATIENT ON OPD_PAT_ID = PAT_ID WHERE OPD_PAT_ID = ?  ORDER BY OPD_DATE DESC (org.isf.utils.db.DbQueryLogger.getDataWithParams(DbQueryLogger.java:62))
[15/Jul/2018 20:20:30] [admin:admin] DEBUG - Query SELECT * FROM PATIENT LEFT JOIN (SELECT PEX_PAT_ID, PEX_HEIGHT AS PAT_HEIGHT, PEX_WEIGHT AS PAT_WEIGHT FROM PATIENTEXAMINATION GROUP BY PEX_PAT_ID ORDER BY PEX_DATE DESC) AS HW ON PAT_ID = HW.PEX_PAT_ID WHERE (PAT_DELETED=\'N\' or PAT_DELETED is null) AND CONCAT(PAT_ID, LOWER(PAT_SNAME), LOWER(PAT_FNAME), LOWER(PAT_NOTE), LOWER(PAT_TAXCODE)) LIKE CONCAT(\'%\', ? , \'%\')  ORDER BY PAT_ID DESC (org.isf.utils.db.DbQueryLogger.getDataWithParams(DbQueryLogger.java:62))
[15/Jul/2018 20:20:30] [admin:admin] DEBUG - Query SELECT * FROM OPD LEFT JOIN PATIENT ON OPD_PAT_ID = PAT_ID WHERE OPD_PAT_ID = ?  ORDER BY OPD_DATE DESC (org.isf.utils.db.DbQueryLogger.getDataWithParams(DbQueryLogger.java:62))
[15/Jul/2018 20:20:30] [admin:admin] DEBUG - Query SELECT * FROM OPD LEFT JOIN PATIENT ON OPD_PAT_ID = PAT_ID WHERE OPD_PAT_ID = ?  ORDER BY OPD_DATE DESC (org.isf.utils.db.DbQueryLogger.getDataWithParams(DbQueryLogger.java:62))
[15/Jul/2018 20:20:30] [admin:admin] DEBUG - Query SELECT * FROM OPD LEFT JOIN PATIENT ON OPD_PAT_ID = PAT_ID WHERE OPD_PAT_ID = ?  ORDER BY OPD_DATE DESC (org.isf.utils.db.DbQueryLogger.getDataWithParams(DbQueryLogger.java:62))
[15/Jul/2018 20:20:30] [admin:admin] DEBUG - Query SELECT * FROM PATIENT LEFT JOIN (SELECT PEX_PAT_ID, PEX_HEIGHT AS PAT_HEIGHT, PEX_WEIGHT AS PAT_WEIGHT FROM PATIENTEXAMINATION GROUP BY PEX_PAT_ID ORDER BY PEX_DATE DESC) AS HW ON PAT_ID = HW.PEX_PAT_ID WHERE (PAT_DELETED=\'N\' or PAT_DELETED is null) AND CONCAT(PAT_ID, LOWER(PAT_SNAME), LOWER(PAT_FNAME), LOWER(PAT_NOTE), LOWER(PAT_TAXCODE)) LIKE CONCAT(\'%\', ? , \'%\')  ORDER BY PAT_ID DESC (org.isf.utils.db.DbQueryLogger.getDataWithParams(DbQueryLogger.java:62))
[15/Jul/2018 20:20:30] [admin:admin] DEBUG - Query SELECT * FROM OPD LEFT JOIN PATIENT ON OPD_PAT_ID = PAT_ID WHERE OPD_PAT_ID = ?  ORDER BY OPD_DATE DESC (org.isf.utils.db.DbQueryLogger.getDataWithParams(DbQueryLogger.java:62))
[15/Jul/2018 20:20:30] [admin:admin] DEBUG - Query SELECT * FROM OPD LEFT JOIN PATIENT ON OPD_PAT_ID = PAT_ID WHERE OPD_PAT_ID = ?  ORDER BY OPD_DATE DESC (org.isf.utils.db.DbQueryLogger.getDataWithParams(DbQueryLogger.java:62))
[15/Jul/2018 20:20:30] [admin:admin] DEBUG - Query SELECT * FROM OPD LEFT JOIN PATIENT ON OPD_PAT_ID = PAT_ID WHERE OPD_PAT_ID = ?  ORDER BY OPD_DATE DESC (org.isf.utils.db.DbQueryLogger.getDataWithParams(DbQueryLogger.java:62))
[15/Jul/2018 20:20:30] [admin:admin] DEBUG - Query SELECT * FROM PATIENT LEFT JOIN (SELECT PEX_PAT_ID, PEX_HEIGHT AS PAT_HEIGHT, PEX_WEIGHT AS PAT_WEIGHT FROM PATIENTEXAMINATION GROUP BY PEX_PAT_ID ORDER BY PEX_DATE DESC) AS HW ON PAT_ID = HW.PEX_PAT_ID WHERE (PAT_DELETED=\'N\' or PAT_DELETED is null) AND CONCAT(PAT_ID, LOWER(PAT_SNAME), LOWER(PAT_FNAME), LOWER(PAT_NOTE), LOWER(PAT_TAXCODE)) LIKE CONCAT(\'%\', ? , \'%\')  ORDER BY PAT_ID DESC (org.isf.utils.db.DbQueryLogger.getDataWithParams(DbQueryLogger.java:62))
[15/Jul/2018 20:20:30] [admin:admin] DEBUG - Query SELECT * FROM OPD LEFT JOIN PATIENT ON OPD_PAT_ID = PAT_ID WHERE OPD_PAT_ID = ?  ORDER BY OPD_DATE DESC (org.isf.utils.db.DbQueryLogger.getDataWithParams(DbQueryLogger.java:62))
[15/Jul/2018 20:20:30] [admin:admin] DEBUG - Query SELECT * FROM OPD LEFT JOIN PATIENT ON OPD_PAT_ID = PAT_ID WHERE OPD_PAT_ID = ?  ORDER BY OPD_DATE DESC (org.isf.utils.db.DbQueryLogger.getDataWithParams(DbQueryLogger.java:62))
[15/Jul/2018 20:20:30] [admin:admin] DEBUG - Query SELECT * FROM OPD LEFT JOIN PATIENT ON OPD_PAT_ID = PAT_ID WHERE OPD_PAT_ID = ?  ORDER BY OPD_DATE DESC (org.isf.utils.db.DbQueryLogger.getDataWithParams(DbQueryLogger.java:62))
[15/Jul/2018 20:20:31] [admin:admin] DEBUG - Query SELECT * FROM PATIENT LEFT JOIN (SELECT PEX_PAT_ID, PEX_HEIGHT AS PAT_HEIGHT, PEX_WEIGHT AS PAT_WEIGHT FROM PATIENTEXAMINATION GROUP BY PEX_PAT_ID ORDER BY PEX_DATE DESC) AS HW ON PAT_ID = HW.PEX_PAT_ID WHERE (PAT_DELETED=\'N\' or PAT_DELETED is null) AND CONCAT(PAT_ID, LOWER(PAT_SNAME), LOWER(PAT_FNAME), LOWER(PAT_NOTE), LOWER(PAT_TAXCODE)) LIKE CONCAT(\'%\', ? , \'%\')  ORDER BY PAT_ID DESC (org.isf.utils.db.DbQueryLogger.getDataWithParams(DbQueryLogger.java:62))
[15/Jul/2018 20:20:31] [admin:admin] DEBUG - Query SELECT * FROM OPD LEFT JOIN PATIENT ON OPD_PAT_ID = PAT_ID WHERE OPD_PAT_ID = ?  ORDER BY OPD_DATE DESC (org.isf.utils.db.DbQueryLogger.getDataWithParams(DbQueryLogger.java:62))
[15/Jul/2018 20:20:31] [admin:admin] DEBUG - Query SELECT * FROM OPD LEFT JOIN PATIENT ON OPD_PAT_ID = PAT_ID WHERE OPD_PAT_ID = ?  ORDER BY OPD_DATE DESC (org.isf.utils.db.DbQueryLogger.getDataWithParams(DbQueryLogger.java:62))
[15/Jul/2018 20:20:31] [admin:admin] DEBUG - Query SELECT * FROM OPD LEFT JOIN PATIENT ON OPD_PAT_ID = PAT_ID WHERE OPD_PAT_ID = ?  ORDER BY OPD_DATE DESC (org.isf.utils.db.DbQueryLogger.getDataWithParams(DbQueryLogger.java:62))
[15/Jul/2018 20:20:31] [admin:admin] DEBUG - Query SELECT * FROM PATIENT LEFT JOIN (SELECT PEX_PAT_ID, PEX_HEIGHT AS PAT_HEIGHT, PEX_WEIGHT AS PAT_WEIGHT FROM PATIENTEXAMINATION GROUP BY PEX_PAT_ID ORDER BY PEX_DATE DESC) AS HW ON PAT_ID = HW.PEX_PAT_ID WHERE (PAT_DELETED=\'N\' or PAT_DELETED is null) AND CONCAT(PAT_ID, LOWER(PAT_SNAME), LOWER(PAT_FNAME), LOWER(PAT_NOTE), LOWER(PAT_TAXCODE)) LIKE CONCAT(\'%\', ? , \'%\')  ORDER BY PAT_ID DESC (org.isf.utils.db.DbQueryLogger.getDataWithParams(DbQueryLogger.java:62))
[15/Jul/2018 20:20:31] [admin:admin] DEBUG - Query SELECT * FROM OPD LEFT JOIN PATIENT ON OPD_PAT_ID = PAT_ID WHERE OPD_PAT_ID = ?  ORDER BY OPD_DATE DESC (org.isf.utils.db.DbQueryLogger.getDataWithParams(DbQueryLogger.java:62))
[15/Jul/2018 20:20:31] [admin:admin] DEBUG - Query SELECT * FROM OPD LEFT JOIN PATIENT ON OPD_PAT_ID = PAT_ID WHERE OPD_PAT_ID = ?  ORDER BY OPD_DATE DESC (org.isf.utils.db.DbQueryLogger.getDataWithParams(DbQueryLogger.java:62))
[15/Jul/2018 20:20:31] [admin:admin] DEBUG - Query SELECT * FROM OPD LEFT JOIN PATIENT ON OPD_PAT_ID = PAT_ID WHERE OPD_PAT_ID = ?  ORDER BY OPD_DATE DESC (org.isf.utils.db.DbQueryLogger.getDataWithParams(DbQueryLogger.java:62))
[15/Jul/2018 20:43:47] [admin:admin] DEBUG - Query select * from DISEASETYPE order by DCL_DESC (org.isf.utils.db.DbQueryLogger.getData(DbQueryLogger.java:38))
[15/Jul/2018 20:43:47] [admin:admin] ERROR - >> EXCEPTION: Problems occurred with server connection (org.isf.utils.exception.OHException.<init>(OHException.java:22))
[15/Jul/2018 20:43:47] [admin:admin] ERROR - >> java.io.FileNotFoundException: rsc\database.properties (The system cannot find the path specified) (org.isf.utils.exception.OHException.<init>(OHException.java:23))
[15/Jul/2018 20:43:47] [admin:admin] ERROR - >> EXCEPTION: Problems occurred with server connection (org.isf.utils.exception.OHException.<init>(OHException.java:22))
[15/Jul/2018 20:43:47] [admin:admin] ERROR - >> java.lang.NullPointerException (org.isf.utils.exception.OHException.<init>(OHException.java:23))
[15/Jul/2018 20:43:48] [admin:admin] DEBUG - Query select * from DISEASE join DISEASETYPE on DIS_DCL_ID_A = DCL_ID_A where  (DIS_OPD_INCLUDE=1 or DIS_OPD_INCLUDE is null)  order BY DIS_DESC (org.isf.utils.db.DbQueryLogger.getDataWithParams(DbQueryLogger.java:62))
[15/Jul/2018 20:43:48] [admin:admin] ERROR - >> EXCEPTION: Problems occurred with server connection (org.isf.utils.exception.OHException.<init>(OHException.java:22))
[15/Jul/2018 20:43:48] [admin:admin] ERROR - >> java.io.FileNotFoundException: rsc\database.properties (The system cannot find the path specified) (org.isf.utils.exception.OHException.<init>(OHException.java:23))
[15/Jul/2018 20:43:48] [admin:admin] ERROR - >> EXCEPTION: Problems occurred with server connection (org.isf.utils.exception.OHException.<init>(OHException.java:22))
[15/Jul/2018 20:43:48] [admin:admin] ERROR - >> java.lang.NullPointerException (org.isf.utils.exception.OHException.<init>(OHException.java:23))
[15/Jul/2018 20:43:49] [admin:admin] DEBUG - Query select * from DISEASE join DISEASETYPE on DIS_DCL_ID_A = DCL_ID_A order BY DIS_DESC (org.isf.utils.db.DbQueryLogger.getDataWithParams(DbQueryLogger.java:62))
[15/Jul/2018 20:43:49] [admin:admin] ERROR - >> EXCEPTION: Problems occurred with server connection (org.isf.utils.exception.OHException.<init>(OHException.java:22))
[15/Jul/2018 20:43:49] [admin:admin] ERROR - >> java.io.FileNotFoundException: rsc\database.properties (The system cannot find the path specified) (org.isf.utils.exception.OHException.<init>(OHException.java:23))
[15/Jul/2018 20:43:49] [admin:admin] ERROR - >> EXCEPTION: Problems occurred with server connection (org.isf.utils.exception.OHException.<init>(OHException.java:22))
[15/Jul/2018 20:43:49] [admin:admin] ERROR - >> java.lang.NullPointerException (org.isf.utils.exception.OHException.<init>(OHException.java:23))
[15/Jul/2018 20:43:50] [admin:admin] DEBUG - Query SELECT MAX(OPD_PROG_YEAR) FROM OPD WHERE YEAR(OPD_DATE_VIS) = ? (org.isf.utils.db.DbQueryLogger.getDataWithParams(DbQueryLogger.java:62))
[15/Jul/2018 20:43:50] [admin:admin] ERROR - >> EXCEPTION: Problems occurred with server connection (org.isf.utils.exception.OHException.<init>(OHException.java:22))
[15/Jul/2018 20:43:50] [admin:admin] ERROR - >> java.io.FileNotFoundException: rsc\database.properties (The system cannot find the path specified) (org.isf.utils.exception.OHException.<init>(OHException.java:23))
[15/Jul/2018 20:43:53] [admin:admin] DEBUG - Query select * from DISEASETYPE order by DCL_DESC (org.isf.utils.db.DbQueryLogger.getData(DbQueryLogger.java:38))
[15/Jul/2018 20:43:53] [admin:admin] ERROR - >> EXCEPTION: Problems occurred with server connection (org.isf.utils.exception.OHException.<init>(OHException.java:22))
[15/Jul/2018 20:43:53] [admin:admin] ERROR - >> java.io.FileNotFoundException: rsc\database.properties (The system cannot find the path specified) (org.isf.utils.exception.OHException.<init>(OHException.java:23))
[15/Jul/2018 20:43:53] [admin:admin] ERROR - >> EXCEPTION: Problems occurred with server connection (org.isf.utils.exception.OHException.<init>(OHException.java:22))
[15/Jul/2018 20:43:53] [admin:admin] ERROR - >> java.lang.NullPointerException (org.isf.utils.exception.OHException.<init>(OHException.java:23))
[15/Jul/2018 20:43:54] [admin:admin] DEBUG - Query select * from DISEASE join DISEASETYPE on DIS_DCL_ID_A = DCL_ID_A where  (DIS_OPD_INCLUDE=1 or DIS_OPD_INCLUDE is null)  order BY DIS_DESC (org.isf.utils.db.DbQueryLogger.getDataWithParams(DbQueryLogger.java:62))
[15/Jul/2018 20:43:54] [admin:admin] ERROR - >> EXCEPTION: Problems occurred with server connection (org.isf.utils.exception.OHException.<init>(OHException.java:22))
[15/Jul/2018 20:43:54] [admin:admin] ERROR - >> java.io.FileNotFoundException: rsc\database.properties (The system cannot find the path specified) (org.isf.utils.exception.OHException.<init>(OHException.java:23))
[15/Jul/2018 20:43:54] [admin:admin] ERROR - >> EXCEPTION: Problems occurred with server connection (org.isf.utils.exception.OHException.<init>(OHException.java:22))
[15/Jul/2018 20:43:54] [admin:admin] ERROR - >> java.lang.NullPointerException (org.isf.utils.exception.OHException.<init>(OHException.java:23))
[15/Jul/2018 20:43:54] [admin:admin] DEBUG - Query select * from DISEASE join DISEASETYPE on DIS_DCL_ID_A = DCL_ID_A order BY DIS_DESC (org.isf.utils.db.DbQueryLogger.getDataWithParams(DbQueryLogger.java:62))
[15/Jul/2018 20:43:54] [admin:admin] ERROR - >> EXCEPTION: Problems occurred with server connection (org.isf.utils.exception.OHException.<init>(OHException.java:22))
[15/Jul/2018 20:43:54] [admin:admin] ERROR - >> java.io.FileNotFoundException: rsc\database.properties (The system cannot find the path specified) (org.isf.utils.exception.OHException.<init>(OHException.java:23))
[15/Jul/2018 20:43:54] [admin:admin] ERROR - >> EXCEPTION: Problems occurred with server connection (org.isf.utils.exception.OHException.<init>(OHException.java:22))
[15/Jul/2018 20:43:54] [admin:admin] ERROR - >> java.lang.NullPointerException (org.isf.utils.exception.OHException.<init>(OHException.java:23))
[15/Jul/2018 20:43:54] [admin:admin] DEBUG - Query SELECT MAX(OPD_PROG_YEAR) FROM OPD WHERE YEAR(OPD_DATE_VIS) = ? (org.isf.utils.db.DbQueryLogger.getDataWithParams(DbQueryLogger.java:62))
[15/Jul/2018 20:43:54] [admin:admin] ERROR - >> EXCEPTION: Problems occurred with server connection (org.isf.utils.exception.OHException.<init>(OHException.java:22))
[15/Jul/2018 20:43:54] [admin:admin] ERROR - >> java.io.FileNotFoundException: rsc\database.properties (The system cannot find the path specified) (org.isf.utils.exception.OHException.<init>(OHException.java:23))
[15/Jul/2018 20:44:01] [admin:admin] DEBUG - Query select * from DISEASETYPE order by DCL_DESC (org.isf.utils.db.DbQueryLogger.getData(DbQueryLogger.java:38))
[15/Jul/2018 20:44:01] [admin:admin] ERROR - >> EXCEPTION: Problems occurred with server connection (org.isf.utils.exception.OHException.<init>(OHException.java:22))
[15/Jul/2018 20:44:01] [admin:admin] ERROR - >> java.io.FileNotFoundException: rsc\database.properties (The system cannot find the path specified) (org.isf.utils.exception.OHException.<init>(OHException.java:23))
[15/Jul/2018 20:44:01] [admin:admin] ERROR - >> EXCEPTION: Problems occurred with server connection (org.isf.utils.exception.OHException.<init>(OHException.java:22))
[15/Jul/2018 20:44:01] [admin:admin] ERROR - >> java.lang.NullPointerException (org.isf.utils.exception.OHException.<init>(OHException.java:23))
